[2026-03-13T18:29:04.234+0000] {taskinstance.py:1159} INFO - Dependencies all met for dep_context=non-requeueable deps ti=<TaskInstance: weather_pipeline.run_full_etl manual__2026-03-13T18:28:57.782050+00:00 [queued]>
[2026-03-13T18:29:04.248+0000] {taskinstance.py:1159} INFO - Dependencies all met for dep_context=requeueable deps ti=<TaskInstance: weather_pipeline.run_full_etl manual__2026-03-13T18:28:57.782050+00:00 [queued]>
[2026-03-13T18:29:04.248+0000] {taskinstance.py:1361} INFO - Starting attempt 1 of 1
[2026-03-13T18:29:04.270+0000] {taskinstance.py:1382} INFO - Executing <Task(PythonOperator): run_full_etl> on 2026-03-13 18:28:57.782050+00:00
[2026-03-13T18:29:04.283+0000] {standard_task_runner.py:57} INFO - Started process 119 to run task
[2026-03-13T18:29:04.289+0000] {standard_task_runner.py:84} INFO - Running: ['***', 'tasks', 'run', 'weather_pipeline', 'run_full_etl', 'manual__2026-03-13T18:28:57.782050+00:00', '--job-id', '67', '--raw', '--subdir', 'DAGS_FOLDER/weather_dags.py', '--cfg-path', '/tmp/tmp1699qi4z']
[2026-03-13T18:29:04.292+0000] {standard_task_runner.py:85} INFO - Job 67: Subtask run_full_etl
[2026-03-13T18:29:04.325+0000] {logging_mixin.py:151} WARNING - /home/***/.local/lib/python3.8/site-packages/***/settings.py:193 DeprecationWarning: The sql_alchemy_conn option in [core] has been moved to the sql_alchemy_conn option in [database] - the old setting has been used, but please update your config.
[2026-03-13T18:29:04.394+0000] {task_command.py:416} INFO - Running <TaskInstance: weather_pipeline.run_full_etl manual__2026-03-13T18:28:57.782050+00:00 [running]> on host 33bf39b1af06
[2026-03-13T18:29:04.558+0000] {taskinstance.py:1662} INFO - Exporting env vars: AIRFLOW_CTX_DAG_OWNER='mnelisi' AIRFLOW_CTX_DAG_ID='weather_pipeline' AIRFLOW_CTX_TASK_ID='run_full_etl' AIRFLOW_CTX_EXECUTION_DATE='2026-03-13T18:28:57.782050+00:00' AIRFLOW_CTX_TRY_NUMBER='1' AIRFLOW_CTX_DAG_RUN_ID='manual__2026-03-13T18:28:57.782050+00:00'
[2026-03-13T18:29:04.572+0000] {logging_mixin.py:151} INFO - 
[Run ID: 20260313_182904] [Time: 2026-03-13 18:29:04] Database connection successfully!
[2026-03-13T18:29:04.575+0000] {logging_mixin.py:151} INFO - 
[Run ID: 20260313_182904] [Time: 2026-03-13 18:29:04] Table metrics is ready
[2026-03-13T18:29:04.575+0000] {logging_mixin.py:151} INFO - 
[Run ID: 20260313_182904] [Time: 2026-03-13 18:29:04] Fetching weather for: johannesburg (Attempt 1)
[2026-03-13T18:29:05.331+0000] {logging_mixin.py:151} INFO - 
[Run ID: 20260313_182904] [Time: 2026-03-13 18:29:05] API Request Successful!
[2026-03-13T18:29:05.341+0000] {logging_mixin.py:151} INFO - 
[Run ID: 2026-03-13 18:29:05] [Time: 2026-03-13 18:29:05] Data for metrics successfully inserted pipeline_metrics
[2026-03-13T18:29:05.343+0000] {logging_mixin.py:151} INFO - 
[Run ID: 20260313_182904] [Time: 2026-03-13 18:29:05] Raw data saved Generated: data/raw/weather_report_20260313_182904.json
[2026-03-13T18:29:05.360+0000] {logging_mixin.py:151} INFO - 
[Run ID: 20260313_182904] [Time: 2026-03-13 18:29:05] CSV file created: reports/csv/weather_20260313_182904.csv
[2026-03-13T18:29:05.362+0000] {logging_mixin.py:151} INFO - 
[Run ID: 20260313_182904] [Time: 2026-03-13 18:29:05] Data validation passed
[2026-03-13T18:29:05.365+0000] {logging_mixin.py:151} INFO - 
[Run ID: 2026-03-13 18:29:05] [Time: 2026-03-13 18:29:05] Data for metrics successfully inserted pipeline_metrics
[2026-03-13T18:29:05.367+0000] {logging_mixin.py:151} INFO - 
[Run ID: 20260313_182904] [Time: 2026-03-13 18:29:05] Table 'weatherdata' is ready
[2026-03-13T18:29:05.368+0000] {logging_mixin.py:151} INFO - 
[Run ID: 20260313_182904] [Time: 2026-03-13 18:29:05] Data not inserted in DB: 'Timestamp'
[2026-03-13T18:29:05.369+0000] {logging_mixin.py:151} INFO - 
[Run ID: 20260313_182904] [Time: 2026-03-13 18:29:05] Fatal error in ETL: 'Timestamp'
[2026-03-13T18:29:05.372+0000] {logging_mixin.py:151} INFO - 
[Run ID: 2026-03-13 18:29:05] [Time: 2026-03-13 18:29:05] Data for metrics successfully inserted pipeline_metrics
[2026-03-13T18:29:05.373+0000] {logging_mixin.py:151} INFO - 
[Run ID: 20260313_182904] [Time: 2026-03-13 18:29:05] Database connection closed
[2026-03-13T18:29:05.373+0000] {python.py:194} INFO - Done. Returned value was: None
[2026-03-13T18:29:05.396+0000] {taskinstance.py:1400} INFO - Marking task as SUCCESS. dag_id=weather_pipeline, task_id=run_full_etl, execution_date=20260313T182857, start_date=20260313T182904, end_date=20260313T182905
[2026-03-13T18:29:05.466+0000] {local_task_job_runner.py:228} INFO - Task exited with return code 0
[2026-03-13T18:29:05.509+0000] {taskinstance.py:2778} INFO - 0 downstream tasks scheduled from follow-on schedule check
