[2026-03-13T12:11:08.679+0000] {taskinstance.py:1159} INFO - Dependencies all met for dep_context=non-requeueable deps ti=<TaskInstance: weather_pipeline.run_full_etl manual__2026-03-13T12:11:01.966847+00:00 [queued]>
[2026-03-13T12:11:08.693+0000] {taskinstance.py:1159} INFO - Dependencies all met for dep_context=requeueable deps ti=<TaskInstance: weather_pipeline.run_full_etl manual__2026-03-13T12:11:01.966847+00:00 [queued]>
[2026-03-13T12:11:08.693+0000] {taskinstance.py:1361} INFO - Starting attempt 1 of 1
[2026-03-13T12:11:08.716+0000] {taskinstance.py:1382} INFO - Executing <Task(PythonOperator): run_full_etl> on 2026-03-13 12:11:01.966847+00:00
[2026-03-13T12:11:08.728+0000] {standard_task_runner.py:57} INFO - Started process 119 to run task
[2026-03-13T12:11:08.734+0000] {standard_task_runner.py:84} INFO - Running: ['***', 'tasks', 'run', 'weather_pipeline', 'run_full_etl', 'manual__2026-03-13T12:11:01.966847+00:00', '--job-id', '45', '--raw', '--subdir', 'DAGS_FOLDER/weather_dags.py', '--cfg-path', '/tmp/tmp8_565l9f']
[2026-03-13T12:11:08.737+0000] {standard_task_runner.py:85} INFO - Job 45: Subtask run_full_etl
[2026-03-13T12:11:08.770+0000] {logging_mixin.py:151} WARNING - /home/***/.local/lib/python3.8/site-packages/***/settings.py:193 DeprecationWarning: The sql_alchemy_conn option in [core] has been moved to the sql_alchemy_conn option in [database] - the old setting has been used, but please update your config.
[2026-03-13T12:11:08.844+0000] {task_command.py:416} INFO - Running <TaskInstance: weather_pipeline.run_full_etl manual__2026-03-13T12:11:01.966847+00:00 [running]> on host 8e9171aa4f2e
[2026-03-13T12:11:09.032+0000] {taskinstance.py:1662} INFO - Exporting env vars: AIRFLOW_CTX_DAG_OWNER='mnelisi' AIRFLOW_CTX_DAG_ID='weather_pipeline' AIRFLOW_CTX_TASK_ID='run_full_etl' AIRFLOW_CTX_EXECUTION_DATE='2026-03-13T12:11:01.966847+00:00' AIRFLOW_CTX_TRY_NUMBER='1' AIRFLOW_CTX_DAG_RUN_ID='manual__2026-03-13T12:11:01.966847+00:00'
[2026-03-13T12:11:09.047+0000] {logging_mixin.py:151} INFO - 
[Run ID: 20260313_121109] [Time: 2026-03-13 12:11:09] Database connection successfully!
[2026-03-13T12:11:09.050+0000] {logging_mixin.py:151} INFO - 
[Run ID: 20260313_121109] [Time: 2026-03-13 12:11:09] Table metrics is ready
[2026-03-13T12:11:09.050+0000] {logging_mixin.py:151} INFO - 
[Run ID: 20260313_121109] [Time: 2026-03-13 12:11:09] Fetching weather for: johannesburg (Attempt 1)
[2026-03-13T12:11:09.755+0000] {logging_mixin.py:151} INFO - 
[Run ID: 20260313_121109] [Time: 2026-03-13 12:11:09] API Request Successful!
[2026-03-13T12:11:09.759+0000] {logging_mixin.py:151} INFO - 
[Run ID: 20260313_121109] [Time: 2026-03-13 12:11:09] Fatal error in ETL: log_metrics() missing 1 required positional argument: 'runtime_seconds'
[2026-03-13T12:11:09.759+0000] {logging_mixin.py:151} INFO - 
[Run ID: 20260313_121109] [Time: 2026-03-13 12:11:09] Database connection closed
[2026-03-13T12:11:09.760+0000] {taskinstance.py:1937} ERROR - Task failed with exception
Traceback (most recent call last):
  File "/opt/airflow/OpenWeatherAPI/main.py", line 31, in run_etl
    log_metrics(cur, conn, timestamp_file, "extract", len(data_raw), "success", start, end)
TypeError: log_metrics() missing 1 required positional argument: 'runtime_seconds'

During handling of the above exception, another exception occurred:

Traceback (most recent call last):
  File "/home/airflow/.local/lib/python3.8/site-packages/airflow/operators/python.py", line 192, in execute
    return_value = self.execute_callable()
  File "/home/airflow/.local/lib/python3.8/site-packages/airflow/operators/python.py", line 209, in execute_callable
    return self.python_callable(*self.op_args, **self.op_kwargs)
  File "/opt/airflow/OpenWeatherAPI/main.py", line 61, in run_etl
    log_metrics(cur, conn, timestamp_file, "etl", 0, "failed", datetime.now(), datetime.now(), error=str(e))
TypeError: log_metrics() missing 1 required positional argument: 'runtime_seconds'
[2026-03-13T12:11:09.781+0000] {taskinstance.py:1400} INFO - Marking task as FAILED. dag_id=weather_pipeline, task_id=run_full_etl, execution_date=20260313T121101, start_date=20260313T121108, end_date=20260313T121109
[2026-03-13T12:11:09.801+0000] {standard_task_runner.py:104} ERROR - Failed to execute job 45 for task run_full_etl (log_metrics() missing 1 required positional argument: 'runtime_seconds'; 119)
[2026-03-13T12:11:09.831+0000] {local_task_job_runner.py:228} INFO - Task exited with return code 1
[2026-03-13T12:11:09.872+0000] {taskinstance.py:2778} INFO - 0 downstream tasks scheduled from follow-on schedule check
