[2026-03-13T18:00:38.288+0000] {taskinstance.py:1159} INFO - Dependencies all met for dep_context=non-requeueable deps ti=<TaskInstance: weather_pipeline.run_full_etl manual__2026-03-13T18:00:31.632644+00:00 [queued]>
[2026-03-13T18:00:38.301+0000] {taskinstance.py:1159} INFO - Dependencies all met for dep_context=requeueable deps ti=<TaskInstance: weather_pipeline.run_full_etl manual__2026-03-13T18:00:31.632644+00:00 [queued]>
[2026-03-13T18:00:38.302+0000] {taskinstance.py:1361} INFO - Starting attempt 1 of 1
[2026-03-13T18:00:38.323+0000] {taskinstance.py:1382} INFO - Executing <Task(PythonOperator): run_full_etl> on 2026-03-13 18:00:31.632644+00:00
[2026-03-13T18:00:38.335+0000] {standard_task_runner.py:57} INFO - Started process 119 to run task
[2026-03-13T18:00:38.342+0000] {standard_task_runner.py:84} INFO - Running: ['***', 'tasks', 'run', 'weather_pipeline', 'run_full_etl', 'manual__2026-03-13T18:00:31.632644+00:00', '--job-id', '63', '--raw', '--subdir', 'DAGS_FOLDER/weather_dags.py', '--cfg-path', '/tmp/tmpyz08rlop']
[2026-03-13T18:00:38.345+0000] {standard_task_runner.py:85} INFO - Job 63: Subtask run_full_etl
[2026-03-13T18:00:38.380+0000] {logging_mixin.py:151} WARNING - /home/***/.local/lib/python3.8/site-packages/***/settings.py:193 DeprecationWarning: The sql_alchemy_conn option in [core] has been moved to the sql_alchemy_conn option in [database] - the old setting has been used, but please update your config.
[2026-03-13T18:00:38.446+0000] {task_command.py:416} INFO - Running <TaskInstance: weather_pipeline.run_full_etl manual__2026-03-13T18:00:31.632644+00:00 [running]> on host 6be41b721314
[2026-03-13T18:00:38.608+0000] {taskinstance.py:1662} INFO - Exporting env vars: AIRFLOW_CTX_DAG_OWNER='mnelisi' AIRFLOW_CTX_DAG_ID='weather_pipeline' AIRFLOW_CTX_TASK_ID='run_full_etl' AIRFLOW_CTX_EXECUTION_DATE='2026-03-13T18:00:31.632644+00:00' AIRFLOW_CTX_TRY_NUMBER='1' AIRFLOW_CTX_DAG_RUN_ID='manual__2026-03-13T18:00:31.632644+00:00'
[2026-03-13T18:00:38.622+0000] {logging_mixin.py:151} INFO - 
[Run ID: 20260313_180038] [Time: 2026-03-13 18:00:38] Database connection successfully!
[2026-03-13T18:00:38.625+0000] {logging_mixin.py:151} INFO - 
[Run ID: 20260313_180038] [Time: 2026-03-13 18:00:38] Table metrics is ready
[2026-03-13T18:00:38.625+0000] {logging_mixin.py:151} INFO - 
[Run ID: 20260313_180038] [Time: 2026-03-13 18:00:38] Fetching weather for: johannesburg (Attempt 1)
[2026-03-13T18:00:39.339+0000] {logging_mixin.py:151} INFO - 
[Run ID: 20260313_180038] [Time: 2026-03-13 18:00:39] API Request Successful!
[2026-03-13T18:00:39.347+0000] {logging_mixin.py:151} INFO - 
[Run ID: 2026-03-13 18:00:39] [Time: 2026-03-13 18:00:39] Data for metrics successfully inserted pipeline_metrics
[2026-03-13T18:00:39.349+0000] {logging_mixin.py:151} INFO - 
[Run ID: 20260313_180038] [Time: 2026-03-13 18:00:39] Raw data saved Generated: data/raw/weather_report_20260313_180038.json
[2026-03-13T18:00:39.366+0000] {logging_mixin.py:151} INFO - 
[Run ID: 20260313_180038] [Time: 2026-03-13 18:00:39] CSV file created: reports/csv/weather_20260313_180038.csv
[2026-03-13T18:00:39.368+0000] {logging_mixin.py:151} INFO - 
[Run ID: 20260313_180038] [Time: 2026-03-13 18:00:39] Data validation passed
[2026-03-13T18:00:39.371+0000] {logging_mixin.py:151} INFO - 
[Run ID: 2026-03-13 18:00:39] [Time: 2026-03-13 18:00:39] Data for metrics successfully inserted pipeline_metrics
[2026-03-13T18:00:39.374+0000] {logging_mixin.py:151} INFO - 
[Run ID: 20260313_180038] [Time: 2026-03-13 18:00:39] Table 'weatherdata' is ready
[2026-03-13T18:00:39.374+0000] {logging_mixin.py:151} INFO - 
[Run ID: 20260313_180038] [Time: 2026-03-13 18:00:39] Data not inserted in DB: 'Timestamp'
[2026-03-13T18:00:39.377+0000] {logging_mixin.py:151} INFO - 
[Run ID: 2026-03-13 18:00:39] [Time: 2026-03-13 18:00:39] Data for metrics successfully inserted pipeline_metrics
[2026-03-13T18:00:39.387+0000] {logging_mixin.py:151} INFO - 
[Run ID: 20260313_180038] [Time: 2026-03-13 18:00:39] PDF Report Generated: reports/pdf/weather_report_20260313_180038.pdf
[2026-03-13T18:00:39.390+0000] {logging_mixin.py:151} INFO - 
[Run ID: 2026-03-13 18:00:39] [Time: 2026-03-13 18:00:39] Data for metrics successfully inserted pipeline_metrics
[2026-03-13T18:00:39.391+0000] {logging_mixin.py:151} INFO - 
[Run ID: 20260313_180038] [Time: 2026-03-13 18:00:39] ETL run successfuly completed
[2026-03-13T18:00:39.391+0000] {logging_mixin.py:151} INFO - 
[Run ID: 20260313_180038] [Time: 2026-03-13 18:00:39] Database connection closed
[2026-03-13T18:00:39.392+0000] {python.py:194} INFO - Done. Returned value was: None
[2026-03-13T18:00:39.414+0000] {taskinstance.py:1400} INFO - Marking task as SUCCESS. dag_id=weather_pipeline, task_id=run_full_etl, execution_date=20260313T180031, start_date=20260313T180038, end_date=20260313T180039
[2026-03-13T18:00:39.478+0000] {local_task_job_runner.py:228} INFO - Task exited with return code 0
[2026-03-13T18:00:39.518+0000] {taskinstance.py:2778} INFO - 0 downstream tasks scheduled from follow-on schedule check
