[2026-03-13T12:06:52.636+0000] {taskinstance.py:1159} INFO - Dependencies all met for dep_context=non-requeueable deps ti=<TaskInstance: weather_pipeline.run_full_etl manual__2026-03-13T12:06:46.122991+00:00 [queued]>
[2026-03-13T12:06:52.651+0000] {taskinstance.py:1159} INFO - Dependencies all met for dep_context=requeueable deps ti=<TaskInstance: weather_pipeline.run_full_etl manual__2026-03-13T12:06:46.122991+00:00 [queued]>
[2026-03-13T12:06:52.652+0000] {taskinstance.py:1361} INFO - Starting attempt 1 of 1
[2026-03-13T12:06:52.675+0000] {taskinstance.py:1382} INFO - Executing <Task(PythonOperator): run_full_etl> on 2026-03-13 12:06:46.122991+00:00
[2026-03-13T12:06:52.688+0000] {standard_task_runner.py:57} INFO - Started process 152 to run task
[2026-03-13T12:06:52.695+0000] {standard_task_runner.py:84} INFO - Running: ['***', 'tasks', 'run', 'weather_pipeline', 'run_full_etl', 'manual__2026-03-13T12:06:46.122991+00:00', '--job-id', '43', '--raw', '--subdir', 'DAGS_FOLDER/weather_dags.py', '--cfg-path', '/tmp/tmpj_m7562l']
[2026-03-13T12:06:52.699+0000] {standard_task_runner.py:85} INFO - Job 43: Subtask run_full_etl
[2026-03-13T12:06:52.734+0000] {logging_mixin.py:151} WARNING - /home/***/.local/lib/python3.8/site-packages/***/settings.py:193 DeprecationWarning: The sql_alchemy_conn option in [core] has been moved to the sql_alchemy_conn option in [database] - the old setting has been used, but please update your config.
[2026-03-13T12:06:52.806+0000] {task_command.py:416} INFO - Running <TaskInstance: weather_pipeline.run_full_etl manual__2026-03-13T12:06:46.122991+00:00 [running]> on host dc3407e77264
[2026-03-13T12:06:53.002+0000] {taskinstance.py:1662} INFO - Exporting env vars: AIRFLOW_CTX_DAG_OWNER='mnelisi' AIRFLOW_CTX_DAG_ID='weather_pipeline' AIRFLOW_CTX_TASK_ID='run_full_etl' AIRFLOW_CTX_EXECUTION_DATE='2026-03-13T12:06:46.122991+00:00' AIRFLOW_CTX_TRY_NUMBER='1' AIRFLOW_CTX_DAG_RUN_ID='manual__2026-03-13T12:06:46.122991+00:00'
[2026-03-13T12:06:53.018+0000] {logging_mixin.py:151} INFO - 
[Run ID: 20260313_120653] [Time: 2026-03-13 12:06:53] Database connection successfully!
[2026-03-13T12:06:53.021+0000] {logging_mixin.py:151} INFO - 
[Run ID: 20260313_120653] [Time: 2026-03-13 12:06:53] Table metrics is ready
[2026-03-13T12:06:53.022+0000] {logging_mixin.py:151} INFO - 
[Run ID: 20260313_120653] [Time: 2026-03-13 12:06:53] Fetching weather for: johannesburg (Attempt 1)
[2026-03-13T12:06:53.739+0000] {logging_mixin.py:151} INFO - 
[Run ID: 20260313_120653] [Time: 2026-03-13 12:06:53] API Request Successful!
[2026-03-13T12:06:53.741+0000] {logging_mixin.py:151} INFO - 
[Run ID: 20260313_120653] [Time: 2026-03-13 12:06:53] Fatal error in ETL: log_metrics() missing 1 required positional argument: 'runtime_seconds'
[2026-03-13T12:06:53.742+0000] {logging_mixin.py:151} INFO - 
[Run ID: 20260313_120653] [Time: 2026-03-13 12:06:53] Database connection closed
[2026-03-13T12:06:53.743+0000] {taskinstance.py:1937} ERROR - Task failed with exception
Traceback (most recent call last):
  File "/opt/airflow/OpenWeatherAPI/main.py", line 31, in run_etl
    log_metrics(cur, conn, timestamp_file, "extract", len(data_raw), "success", start, end)
TypeError: log_metrics() missing 1 required positional argument: 'runtime_seconds'

During handling of the above exception, another exception occurred:

Traceback (most recent call last):
  File "/home/airflow/.local/lib/python3.8/site-packages/airflow/operators/python.py", line 192, in execute
    return_value = self.execute_callable()
  File "/home/airflow/.local/lib/python3.8/site-packages/airflow/operators/python.py", line 209, in execute_callable
    return self.python_callable(*self.op_args, **self.op_kwargs)
  File "/opt/airflow/OpenWeatherAPI/main.py", line 61, in run_etl
    log_metrics(cur, conn, timestamp_file, "etl", 0, "failed", datetime.now(), datetime.now(), error=str(e))
TypeError: log_metrics() missing 1 required positional argument: 'runtime_seconds'
[2026-03-13T12:06:53.763+0000] {taskinstance.py:1400} INFO - Marking task as FAILED. dag_id=weather_pipeline, task_id=run_full_etl, execution_date=20260313T120646, start_date=20260313T120652, end_date=20260313T120653
[2026-03-13T12:06:53.782+0000] {standard_task_runner.py:104} ERROR - Failed to execute job 43 for task run_full_etl (log_metrics() missing 1 required positional argument: 'runtime_seconds'; 152)
[2026-03-13T12:06:53.831+0000] {local_task_job_runner.py:228} INFO - Task exited with return code 1
[2026-03-13T12:06:53.869+0000] {taskinstance.py:2778} INFO - 0 downstream tasks scheduled from follow-on schedule check
