[2026-03-13T18:59:43.943+0000] {taskinstance.py:1159} INFO - Dependencies all met for dep_context=non-requeueable deps ti=<TaskInstance: weather_pipeline.run_full_etl manual__2026-03-13T18:59:41.530089+00:00 [queued]>
[2026-03-13T18:59:43.947+0000] {taskinstance.py:1159} INFO - Dependencies all met for dep_context=requeueable deps ti=<TaskInstance: weather_pipeline.run_full_etl manual__2026-03-13T18:59:41.530089+00:00 [queued]>
[2026-03-13T18:59:43.947+0000] {taskinstance.py:1361} INFO - Starting attempt 1 of 1
[2026-03-13T18:59:43.955+0000] {taskinstance.py:1382} INFO - Executing <Task(PythonOperator): run_full_etl> on 2026-03-13 18:59:41.530089+00:00
[2026-03-13T18:59:43.962+0000] {standard_task_runner.py:57} INFO - Started process 113 to run task
[2026-03-13T18:59:43.964+0000] {standard_task_runner.py:84} INFO - Running: ['***', 'tasks', 'run', 'weather_pipeline', 'run_full_etl', 'manual__2026-03-13T18:59:41.530089+00:00', '--job-id', '76', '--raw', '--subdir', 'DAGS_FOLDER/weather_dags.py', '--cfg-path', '/tmp/tmpkif613v9']
[2026-03-13T18:59:43.966+0000] {standard_task_runner.py:85} INFO - Job 76: Subtask run_full_etl
[2026-03-13T18:59:43.977+0000] {logging_mixin.py:151} WARNING - /home/***/.local/lib/python3.8/site-packages/***/settings.py:193 DeprecationWarning: The sql_alchemy_conn option in [core] has been moved to the sql_alchemy_conn option in [database] - the old setting has been used, but please update your config.
[2026-03-13T18:59:44.000+0000] {task_command.py:416} INFO - Running <TaskInstance: weather_pipeline.run_full_etl manual__2026-03-13T18:59:41.530089+00:00 [running]> on host 13c89d3fec23
[2026-03-13T18:59:44.058+0000] {taskinstance.py:1662} INFO - Exporting env vars: AIRFLOW_CTX_DAG_OWNER='mnelisi' AIRFLOW_CTX_DAG_ID='weather_pipeline' AIRFLOW_CTX_TASK_ID='run_full_etl' AIRFLOW_CTX_EXECUTION_DATE='2026-03-13T18:59:41.530089+00:00' AIRFLOW_CTX_TRY_NUMBER='1' AIRFLOW_CTX_DAG_RUN_ID='manual__2026-03-13T18:59:41.530089+00:00'
[2026-03-13T18:59:44.063+0000] {logging_mixin.py:151} INFO - 
[Run ID: 20260313_185944] [Time: 2026-03-13 18:59:44] Database connection successfully!
[2026-03-13T18:59:44.063+0000] {logging_mixin.py:151} INFO - 
[Run ID: 20260313_185944] [Time: 2026-03-13 18:59:44] Table metrics is ready
[2026-03-13T18:59:44.063+0000] {logging_mixin.py:151} INFO - 
[Run ID: 20260313_185944] [Time: 2026-03-13 18:59:44] Fetching weather for: johannesburg (Attempt 1)
[2026-03-13T18:59:44.874+0000] {logging_mixin.py:151} INFO - 
[Run ID: 20260313_185944] [Time: 2026-03-13 18:59:44] API Request Successful!
[2026-03-13T18:59:44.882+0000] {logging_mixin.py:151} INFO - 
[Run ID: 2026-03-13 18:59:44] [Time: 2026-03-13 18:59:44] Data for metrics successfully inserted pipeline_metrics
[2026-03-13T18:59:44.883+0000] {logging_mixin.py:151} INFO - 
[Run ID: 20260313_185944] [Time: 2026-03-13 18:59:44] Raw data saved Generated: data/raw/weather_report_20260313_185944.json
[2026-03-13T18:59:44.892+0000] {logging_mixin.py:151} INFO - 
[Run ID: 20260313_185944] [Time: 2026-03-13 18:59:44] CSV file created: reports/csv/weather_20260313_185944.csv
[2026-03-13T18:59:44.892+0000] {logging_mixin.py:151} INFO - 
[Run ID: 20260313_185944] [Time: 2026-03-13 18:59:44] Data validation passed
[2026-03-13T18:59:44.893+0000] {logging_mixin.py:151} INFO - 
[Run ID: 2026-03-13 18:59:44] [Time: 2026-03-13 18:59:44] Data for metrics successfully inserted pipeline_metrics
[2026-03-13T18:59:44.894+0000] {logging_mixin.py:151} INFO - 
[Run ID: 20260313_185944] [Time: 2026-03-13 18:59:44] Table 'weatherdata' is ready
[2026-03-13T18:59:44.898+0000] {logging_mixin.py:151} INFO - 
[Run ID: 20260313_185944] [Time: 2026-03-13 18:59:44] Data not inserted in DB: 'name'
[2026-03-13T18:59:44.898+0000] {logging_mixin.py:151} INFO - 
[Run ID: 20260313_185944] [Time: 2026-03-13 18:59:44] Fatal error in ETL: 'name'
[2026-03-13T18:59:44.898+0000] {logging_mixin.py:151} INFO - 
[Run ID: 2026-03-13 18:59:44] [Time: 2026-03-13 18:59:44] Data for metrics successfully inserted pipeline_metrics
[2026-03-13T18:59:44.899+0000] {logging_mixin.py:151} INFO - 
[Run ID: 20260313_185944] [Time: 2026-03-13 18:59:44] Database connection closed
[2026-03-13T18:59:44.899+0000] {python.py:194} INFO - Done. Returned value was: None
[2026-03-13T18:59:44.906+0000] {taskinstance.py:1400} INFO - Marking task as SUCCESS. dag_id=weather_pipeline, task_id=run_full_etl, execution_date=20260313T185941, start_date=20260313T185943, end_date=20260313T185944
[2026-03-13T18:59:44.942+0000] {local_task_job_runner.py:228} INFO - Task exited with return code 0
[2026-03-13T18:59:44.964+0000] {taskinstance.py:2778} INFO - 0 downstream tasks scheduled from follow-on schedule check
