[2026-03-13T19:19:37.388+0000] {taskinstance.py:1159} INFO - Dependencies all met for dep_context=non-requeueable deps ti=<TaskInstance: weather_pipeline.run_full_etl manual__2026-03-13T19:19:35.020619+00:00 [queued]>
[2026-03-13T19:19:37.392+0000] {taskinstance.py:1159} INFO - Dependencies all met for dep_context=requeueable deps ti=<TaskInstance: weather_pipeline.run_full_etl manual__2026-03-13T19:19:35.020619+00:00 [queued]>
[2026-03-13T19:19:37.392+0000] {taskinstance.py:1361} INFO - Starting attempt 1 of 1
[2026-03-13T19:19:37.400+0000] {taskinstance.py:1382} INFO - Executing <Task(PythonOperator): run_full_etl> on 2026-03-13 19:19:35.020619+00:00
[2026-03-13T19:19:37.405+0000] {standard_task_runner.py:57} INFO - Started process 119 to run task
[2026-03-13T19:19:37.408+0000] {standard_task_runner.py:84} INFO - Running: ['***', 'tasks', 'run', 'weather_pipeline', 'run_full_etl', 'manual__2026-03-13T19:19:35.020619+00:00', '--job-id', '80', '--raw', '--subdir', 'DAGS_FOLDER/weather_dags.py', '--cfg-path', '/tmp/tmpxfxkru0g']
[2026-03-13T19:19:37.409+0000] {standard_task_runner.py:85} INFO - Job 80: Subtask run_full_etl
[2026-03-13T19:19:37.420+0000] {logging_mixin.py:151} WARNING - /home/***/.local/lib/python3.8/site-packages/***/settings.py:193 DeprecationWarning: The sql_alchemy_conn option in [core] has been moved to the sql_alchemy_conn option in [database] - the old setting has been used, but please update your config.
[2026-03-13T19:19:37.443+0000] {task_command.py:416} INFO - Running <TaskInstance: weather_pipeline.run_full_etl manual__2026-03-13T19:19:35.020619+00:00 [running]> on host dc1e918b8911
[2026-03-13T19:19:37.498+0000] {taskinstance.py:1662} INFO - Exporting env vars: AIRFLOW_CTX_DAG_OWNER='mnelisi' AIRFLOW_CTX_DAG_ID='weather_pipeline' AIRFLOW_CTX_TASK_ID='run_full_etl' AIRFLOW_CTX_EXECUTION_DATE='2026-03-13T19:19:35.020619+00:00' AIRFLOW_CTX_TRY_NUMBER='1' AIRFLOW_CTX_DAG_RUN_ID='manual__2026-03-13T19:19:35.020619+00:00'
[2026-03-13T19:19:37.503+0000] {logging_mixin.py:151} INFO - 
[Run ID: 20260313_191937] [Time: 2026-03-13 19:19:37] Database connection successfully!
[2026-03-13T19:19:37.503+0000] {logging_mixin.py:151} INFO - 
[Run ID: 20260313_191937] [Time: 2026-03-13 19:19:37] Table metrics is ready
[2026-03-13T19:19:37.503+0000] {logging_mixin.py:151} INFO - 
[Run ID: 20260313_191937] [Time: 2026-03-13 19:19:37] Fetching weather for: johannesburg (Attempt 1)
[2026-03-13T19:19:38.513+0000] {logging_mixin.py:151} INFO - 
[Run ID: 20260313_191937] [Time: 2026-03-13 19:19:38] API Request Successful!
[2026-03-13T19:19:38.521+0000] {logging_mixin.py:151} INFO - 
[Run ID: 2026-03-13 19:19:38] [Time: 2026-03-13 19:19:38] Data for metrics successfully inserted pipeline_metrics
[2026-03-13T19:19:38.522+0000] {logging_mixin.py:151} INFO - 
[Run ID: 20260313_191937] [Time: 2026-03-13 19:19:38] Raw data saved Generated: data/raw/weather_report_20260313_191937.json
[2026-03-13T19:19:38.531+0000] {logging_mixin.py:151} INFO - 
[Run ID: 20260313_191937] [Time: 2026-03-13 19:19:38] CSV file created: reports/csv/weather_20260313_191937.csv
[2026-03-13T19:19:38.531+0000] {logging_mixin.py:151} INFO - 
[Run ID: 20260313_191937] [Time: 2026-03-13 19:19:38] Data validation passed
[2026-03-13T19:19:38.532+0000] {logging_mixin.py:151} INFO - 
[Run ID: 2026-03-13 19:19:38] [Time: 2026-03-13 19:19:38] Data for metrics successfully inserted pipeline_metrics
[2026-03-13T19:19:38.533+0000] {logging_mixin.py:151} INFO - 
[Run ID: 20260313_191937] [Time: 2026-03-13 19:19:38] Table 'weatherdata' is ready
[2026-03-13T19:19:38.535+0000] {logging_mixin.py:151} INFO - 
[Run ID: 20260313_191937] [Time: 2026-03-13 19:19:38] Data for Johannesburg successfully inserted to: weatherdata
[2026-03-13T19:19:38.536+0000] {logging_mixin.py:151} INFO - 
[Run ID: 2026-03-13 19:19:38] [Time: 2026-03-13 19:19:38] Data for metrics successfully inserted pipeline_metrics
[2026-03-13T19:19:38.539+0000] {logging_mixin.py:151} INFO - 
[Run ID: 20260313_191937] [Time: 2026-03-13 19:19:38] PDF Report Generated: reports/pdf/weather_report_20260313_191937.pdf
[2026-03-13T19:19:38.539+0000] {logging_mixin.py:151} INFO - 
[Run ID: 2026-03-13 19:19:38] [Time: 2026-03-13 19:19:38] Data for metrics successfully inserted pipeline_metrics
[2026-03-13T19:19:38.540+0000] {logging_mixin.py:151} INFO - 
[Run ID: 20260313_191937] [Time: 2026-03-13 19:19:38] ETL run successfuly completed
[2026-03-13T19:19:38.540+0000] {logging_mixin.py:151} INFO - 
[Run ID: 20260313_191937] [Time: 2026-03-13 19:19:38] Database connection closed
[2026-03-13T19:19:38.540+0000] {python.py:194} INFO - Done. Returned value was: None
[2026-03-13T19:19:38.547+0000] {taskinstance.py:1400} INFO - Marking task as SUCCESS. dag_id=weather_pipeline, task_id=run_full_etl, execution_date=20260313T191935, start_date=20260313T191937, end_date=20260313T191938
[2026-03-13T19:19:38.589+0000] {local_task_job_runner.py:228} INFO - Task exited with return code 0
[2026-03-13T19:19:38.610+0000] {taskinstance.py:2778} INFO - 0 downstream tasks scheduled from follow-on schedule check
