[2026-03-14T23:15:39.301+0000] {taskinstance.py:1159} INFO - Dependencies all met for dep_context=non-requeueable deps ti=<TaskInstance: weather_pipeline.run_full_etl manual__2026-03-14T23:15:36.738626+00:00 [queued]>
[2026-03-14T23:15:39.305+0000] {taskinstance.py:1159} INFO - Dependencies all met for dep_context=requeueable deps ti=<TaskInstance: weather_pipeline.run_full_etl manual__2026-03-14T23:15:36.738626+00:00 [queued]>
[2026-03-14T23:15:39.305+0000] {taskinstance.py:1361} INFO - Starting attempt 1 of 1
[2026-03-14T23:15:39.314+0000] {taskinstance.py:1382} INFO - Executing <Task(PythonOperator): run_full_etl> on 2026-03-14 23:15:36.738626+00:00
[2026-03-14T23:15:39.320+0000] {standard_task_runner.py:57} INFO - Started process 184 to run task
[2026-03-14T23:15:39.323+0000] {standard_task_runner.py:84} INFO - Running: ['***', 'tasks', 'run', 'weather_pipeline', 'run_full_etl', 'manual__2026-03-14T23:15:36.738626+00:00', '--job-id', '85', '--raw', '--subdir', 'DAGS_FOLDER/weather_dags.py', '--cfg-path', '/tmp/tmpmi0n29oc']
[2026-03-14T23:15:39.324+0000] {standard_task_runner.py:85} INFO - Job 85: Subtask run_full_etl
[2026-03-14T23:15:39.341+0000] {logging_mixin.py:151} WARNING - /home/***/.local/lib/python3.8/site-packages/***/settings.py:193 DeprecationWarning: The sql_alchemy_conn option in [core] has been moved to the sql_alchemy_conn option in [database] - the old setting has been used, but please update your config.
[2026-03-14T23:15:39.367+0000] {task_command.py:416} INFO - Running <TaskInstance: weather_pipeline.run_full_etl manual__2026-03-14T23:15:36.738626+00:00 [running]> on host 2c7102d44dfb
[2026-03-14T23:15:39.438+0000] {taskinstance.py:1662} INFO - Exporting env vars: AIRFLOW_CTX_DAG_OWNER='mnelisi' AIRFLOW_CTX_DAG_ID='weather_pipeline' AIRFLOW_CTX_TASK_ID='run_full_etl' AIRFLOW_CTX_EXECUTION_DATE='2026-03-14T23:15:36.738626+00:00' AIRFLOW_CTX_TRY_NUMBER='1' AIRFLOW_CTX_DAG_RUN_ID='manual__2026-03-14T23:15:36.738626+00:00'
[2026-03-14T23:15:39.443+0000] {logging_mixin.py:151} INFO - 
[Run ID: 20260314_231539] [Time: 2026-03-14 23:15:39] Database connection successfully!
[2026-03-14T23:15:39.444+0000] {logging_mixin.py:151} INFO - 
[Run ID: 20260314_231539] [Time: 2026-03-14 23:15:39] Table metrics is ready
[2026-03-14T23:15:39.444+0000] {logging_mixin.py:151} INFO - 
[Run ID: 20260314_231539] [Time: 2026-03-14 23:15:39] Fetching weather for: johannesburg (Attempt 1)
[2026-03-14T23:15:40.194+0000] {logging_mixin.py:151} INFO - 
[Run ID: 20260314_231539] [Time: 2026-03-14 23:15:40] API Request Successful!
[2026-03-14T23:15:40.199+0000] {logging_mixin.py:151} INFO - 
[Run ID: 2026-03-14 23:15:40] [Time: 2026-03-14 23:15:40] Data for metrics successfully inserted pipeline_metrics
[2026-03-14T23:15:40.200+0000] {logging_mixin.py:151} INFO - 
[Run ID: 20260314_231539] [Time: 2026-03-14 23:15:40] Raw data saved Generated: data/raw/weather_report_20260314_231539.json
[2026-03-14T23:15:40.209+0000] {logging_mixin.py:151} INFO - 
[Run ID: 20260314_231539] [Time: 2026-03-14 23:15:40] CSV file created: reports/csv/weather_20260314_231539.csv
[2026-03-14T23:15:40.211+0000] {logging_mixin.py:151} INFO - 
[Run ID: 20260314_231539] [Time: 2026-03-14 23:15:40] Data validation passed
[2026-03-14T23:15:40.212+0000] {logging_mixin.py:151} INFO - 
[Run ID: 2026-03-14 23:15:40] [Time: 2026-03-14 23:15:40] Data for metrics successfully inserted pipeline_metrics
[2026-03-14T23:15:40.212+0000] {logging_mixin.py:151} INFO - 
[Run ID: 20260314_231539] [Time: 2026-03-14 23:15:40] Table 'weatherdata' is ready
[2026-03-14T23:15:40.216+0000] {logging_mixin.py:151} INFO - 
[Run ID: 20260314_231539] [Time: 2026-03-14 23:15:40] Data for Johannesburg successfully inserted to: weatherdata
[2026-03-14T23:15:40.216+0000] {logging_mixin.py:151} INFO - 
[Run ID: 2026-03-14 23:15:40] [Time: 2026-03-14 23:15:40] Data for metrics successfully inserted pipeline_metrics
[2026-03-14T23:15:40.219+0000] {logging_mixin.py:151} INFO - 
[Run ID: 20260314_231539] [Time: 2026-03-14 23:15:40] PDF Report Generated: reports/pdf/weather_report_20260314_231539.pdf
[2026-03-14T23:15:40.220+0000] {logging_mixin.py:151} INFO - 
[Run ID: 2026-03-14 23:15:40] [Time: 2026-03-14 23:15:40] Data for metrics successfully inserted pipeline_metrics
[2026-03-14T23:15:40.220+0000] {logging_mixin.py:151} INFO - 
[Run ID: 20260314_231539] [Time: 2026-03-14 23:15:40] ETL run successfuly completed
[2026-03-14T23:15:40.220+0000] {logging_mixin.py:151} INFO - 
[Run ID: 20260314_231539] [Time: 2026-03-14 23:15:40] Database connection closed
[2026-03-14T23:15:40.221+0000] {python.py:194} INFO - Done. Returned value was: None
[2026-03-14T23:15:40.228+0000] {taskinstance.py:1400} INFO - Marking task as SUCCESS. dag_id=weather_pipeline, task_id=run_full_etl, execution_date=20260314T231536, start_date=20260314T231539, end_date=20260314T231540
[2026-03-14T23:15:40.260+0000] {local_task_job_runner.py:228} INFO - Task exited with return code 0
[2026-03-14T23:15:40.275+0000] {taskinstance.py:2778} INFO - 0 downstream tasks scheduled from follow-on schedule check
