[2026-03-13T11:26:42.391+0000] {taskinstance.py:1159} INFO - Dependencies all met for dep_context=non-requeueable deps ti=<TaskInstance: weather_pipeline.run_full_etl manual__2026-03-13T11:26:40.023562+00:00 [queued]>
[2026-03-13T11:26:42.395+0000] {taskinstance.py:1159} INFO - Dependencies all met for dep_context=requeueable deps ti=<TaskInstance: weather_pipeline.run_full_etl manual__2026-03-13T11:26:40.023562+00:00 [queued]>
[2026-03-13T11:26:42.395+0000] {taskinstance.py:1361} INFO - Starting attempt 1 of 1
[2026-03-13T11:26:42.403+0000] {taskinstance.py:1382} INFO - Executing <Task(PythonOperator): run_full_etl> on 2026-03-13 11:26:40.023562+00:00
[2026-03-13T11:26:42.409+0000] {standard_task_runner.py:57} INFO - Started process 115 to run task
[2026-03-13T11:26:42.411+0000] {standard_task_runner.py:84} INFO - Running: ['***', 'tasks', 'run', 'weather_pipeline', 'run_full_etl', 'manual__2026-03-13T11:26:40.023562+00:00', '--job-id', '40', '--raw', '--subdir', 'DAGS_FOLDER/weather_dags.py', '--cfg-path', '/tmp/tmpvwbb1r1k']
[2026-03-13T11:26:42.413+0000] {standard_task_runner.py:85} INFO - Job 40: Subtask run_full_etl
[2026-03-13T11:26:42.424+0000] {logging_mixin.py:151} WARNING - /home/***/.local/lib/python3.8/site-packages/***/settings.py:193 DeprecationWarning: The sql_alchemy_conn option in [core] has been moved to the sql_alchemy_conn option in [database] - the old setting has been used, but please update your config.
[2026-03-13T11:26:42.446+0000] {task_command.py:416} INFO - Running <TaskInstance: weather_pipeline.run_full_etl manual__2026-03-13T11:26:40.023562+00:00 [running]> on host aec175e4a90d
[2026-03-13T11:26:42.499+0000] {taskinstance.py:1662} INFO - Exporting env vars: AIRFLOW_CTX_DAG_OWNER='mnelisi' AIRFLOW_CTX_DAG_ID='weather_pipeline' AIRFLOW_CTX_TASK_ID='run_full_etl' AIRFLOW_CTX_EXECUTION_DATE='2026-03-13T11:26:40.023562+00:00' AIRFLOW_CTX_TRY_NUMBER='1' AIRFLOW_CTX_DAG_RUN_ID='manual__2026-03-13T11:26:40.023562+00:00'
[2026-03-13T11:26:42.503+0000] {logging_mixin.py:151} INFO - 
[Run ID: 20260313_112642] [Time: 2026-03-13 11:26:42] Database connection successfully!
[2026-03-13T11:26:42.509+0000] {logging_mixin.py:151} INFO - 
[Run ID: 20260313_112642] [Time: 2026-03-13 11:26:42] Table metrics is ready
[2026-03-13T11:26:42.509+0000] {logging_mixin.py:151} INFO - 
[Run ID: 20260313_112642] [Time: 2026-03-13 11:26:42] Fetching weather for: johannesburg (Attempt 1)
[2026-03-13T11:26:43.224+0000] {logging_mixin.py:151} INFO - 
[Run ID: 20260313_112642] [Time: 2026-03-13 11:26:43] API Request Successful!
[2026-03-13T11:26:43.231+0000] {logging_mixin.py:151} INFO - 
[Run ID: 2026-03-13 11:26:43] [Time: 2026-03-13 11:26:43] Data for metrics successfully inserted pipeline_metrics
[2026-03-13T11:26:43.232+0000] {logging_mixin.py:151} INFO - 
[Run ID: 20260313_112642] [Time: 2026-03-13 11:26:43] Raw data saved Generated: data/raw/weather_report_20260313_112642.json
[2026-03-13T11:26:43.241+0000] {logging_mixin.py:151} INFO - 
[Run ID: 20260313_112642] [Time: 2026-03-13 11:26:43] CSV file created: reports/csv/weather_20260313_112642.csv
[2026-03-13T11:26:43.243+0000] {logging_mixin.py:151} INFO - 
[Run ID: 2026-03-13 11:26:43] [Time: 2026-03-13 11:26:43] Data for metrics successfully inserted pipeline_metrics
[2026-03-13T11:26:43.243+0000] {logging_mixin.py:151} INFO - 
[Run ID: 20260313_112642] [Time: 2026-03-13 11:26:43] Table 'weatherdata' is ready
[2026-03-13T11:26:43.245+0000] {logging_mixin.py:151} INFO - 
[Run ID: 20260313_112642] [Time: 2026-03-13 11:26:43] Data for Johannesburg successfully inserted to: weatherdata
[2026-03-13T11:26:43.245+0000] {logging_mixin.py:151} INFO - 
[Run ID: 2026-03-13 11:26:43] [Time: 2026-03-13 11:26:43] Data for metrics successfully inserted pipeline_metrics
[2026-03-13T11:26:43.246+0000] {logging_mixin.py:151} INFO - 
[Run ID: 20260313_112642] [Time: 2026-03-13 11:26:43] PDF Report Generated: reports/pdf/weather_report_20260313_112642.pdf
[2026-03-13T11:26:43.247+0000] {logging_mixin.py:151} INFO - 
[Run ID: 2026-03-13 11:26:43] [Time: 2026-03-13 11:26:43] Data for metrics successfully inserted pipeline_metrics
[2026-03-13T11:26:43.247+0000] {logging_mixin.py:151} INFO - 
[Run ID: 20260313_112642] [Time: 2026-03-13 11:26:43] ETL run successfuly completed
[2026-03-13T11:26:43.247+0000] {logging_mixin.py:151} INFO - 
[Run ID: 20260313_112642] [Time: 2026-03-13 11:26:43] Database connection closed
[2026-03-13T11:26:43.247+0000] {python.py:194} INFO - Done. Returned value was: None
[2026-03-13T11:26:43.254+0000] {taskinstance.py:1400} INFO - Marking task as SUCCESS. dag_id=weather_pipeline, task_id=run_full_etl, execution_date=20260313T112640, start_date=20260313T112642, end_date=20260313T112643
[2026-03-13T11:26:43.269+0000] {local_task_job_runner.py:228} INFO - Task exited with return code 0
[2026-03-13T11:26:43.283+0000] {taskinstance.py:2778} INFO - 0 downstream tasks scheduled from follow-on schedule check
