[2026-03-11T12:37:49.032+0000] {taskinstance.py:1159} INFO - Dependencies all met for dep_context=non-requeueable deps ti=<TaskInstance: weather_pipeline.run_full_etl manual__2026-03-11T12:37:42.681025+00:00 [queued]>
[2026-03-11T12:37:49.041+0000] {taskinstance.py:1159} INFO - Dependencies all met for dep_context=requeueable deps ti=<TaskInstance: weather_pipeline.run_full_etl manual__2026-03-11T12:37:42.681025+00:00 [queued]>
[2026-03-11T12:37:49.042+0000] {taskinstance.py:1361} INFO - Starting attempt 1 of 1
[2026-03-11T12:37:49.056+0000] {taskinstance.py:1382} INFO - Executing <Task(PythonOperator): run_full_etl> on 2026-03-11 12:37:42.681025+00:00
[2026-03-11T12:37:49.065+0000] {standard_task_runner.py:57} INFO - Started process 226 to run task
[2026-03-11T12:37:49.069+0000] {standard_task_runner.py:84} INFO - Running: ['***', 'tasks', 'run', 'weather_pipeline', 'run_full_etl', 'manual__2026-03-11T12:37:42.681025+00:00', '--job-id', '21', '--raw', '--subdir', 'DAGS_FOLDER/weather_dags.py', '--cfg-path', '/tmp/tmpoy7qiqc1']
[2026-03-11T12:37:49.071+0000] {standard_task_runner.py:85} INFO - Job 21: Subtask run_full_etl
[2026-03-11T12:37:49.094+0000] {logging_mixin.py:151} WARNING - /home/***/.local/lib/python3.8/site-packages/***/settings.py:193 DeprecationWarning: The sql_alchemy_conn option in [core] has been moved to the sql_alchemy_conn option in [database] - the old setting has been used, but please update your config.
[2026-03-11T12:37:49.139+0000] {task_command.py:416} INFO - Running <TaskInstance: weather_pipeline.run_full_etl manual__2026-03-11T12:37:42.681025+00:00 [running]> on host 7af6ea510c49
[2026-03-11T12:37:49.248+0000] {taskinstance.py:1662} INFO - Exporting env vars: AIRFLOW_CTX_DAG_OWNER='mnelisi' AIRFLOW_CTX_DAG_ID='weather_pipeline' AIRFLOW_CTX_TASK_ID='run_full_etl' AIRFLOW_CTX_EXECUTION_DATE='2026-03-11T12:37:42.681025+00:00' AIRFLOW_CTX_TRY_NUMBER='1' AIRFLOW_CTX_DAG_RUN_ID='manual__2026-03-11T12:37:42.681025+00:00'
[2026-03-11T12:37:49.249+0000] {logging_mixin.py:151} INFO - 
[Run ID: 20260311_123749] [Time: 2026-03-11 12:37:49] Fetching weather for: johannesburg (Attempt 1)
[2026-03-11T12:37:49.920+0000] {logging_mixin.py:151} INFO - 
[Run ID: 20260311_123749] [Time: 2026-03-11 12:37:49] API Request Successful!
[2026-03-11T12:37:49.923+0000] {logging_mixin.py:151} INFO - 
[Run ID: 20260311_123749] [Time: 2026-03-11 12:37:49] Raw data saved Generated: data/raw/weather_report_20260311_123749.json
[2026-03-11T12:37:49.932+0000] {logging_mixin.py:151} INFO - 
[Run ID: 20260311_123749] [Time: 2026-03-11 12:37:49] CSV file created: reports/csv/weather_20260311_123749.csv
[2026-03-11T12:37:49.941+0000] {logging_mixin.py:151} INFO - 
[Run ID: 20260311_123749] [Time: 2026-03-11 12:37:49] Database connection successfully!
[2026-03-11T12:37:49.943+0000] {logging_mixin.py:151} INFO - 
[Run ID: 20260311_123749] [Time: 2026-03-11 12:37:49] Table 'weatherdata' is ready
[2026-03-11T12:37:49.948+0000] {logging_mixin.py:151} INFO - 
[Run ID: 20260311_123749] [Time: 2026-03-11 12:37:49] Data for Johannesburg successfully inserted to: weatherdata
[2026-03-11T12:37:49.950+0000] {logging_mixin.py:151} INFO - 
[Run ID: 20260311_123749] [Time: 2026-03-11 12:37:49] PDF Report Generated: reports/pdf/weather_report_20260311_123749.pdf
[2026-03-11T12:37:49.950+0000] {logging_mixin.py:151} INFO - 
[Run ID: 20260311_123749] [Time: 2026-03-11 12:37:49] ETL run successfuly completed
[2026-03-11T12:37:49.951+0000] {logging_mixin.py:151} INFO - 
[Run ID: 20260311_123749] [Time: 2026-03-11 12:37:49] Database connection closed
[2026-03-11T12:37:49.951+0000] {python.py:194} INFO - Done. Returned value was: None
[2026-03-11T12:37:49.967+0000] {taskinstance.py:1400} INFO - Marking task as SUCCESS. dag_id=weather_pipeline, task_id=run_full_etl, execution_date=20260311T123742, start_date=20260311T123749, end_date=20260311T123749
[2026-03-11T12:37:50.004+0000] {local_task_job_runner.py:228} INFO - Task exited with return code 0
[2026-03-11T12:37:50.033+0000] {taskinstance.py:2778} INFO - 0 downstream tasks scheduled from follow-on schedule check
