[2026-03-13T18:50:30.064+0000] {taskinstance.py:1159} INFO - Dependencies all met for dep_context=non-requeueable deps ti=<TaskInstance: weather_pipeline.run_full_etl manual__2026-03-13T18:50:27.952279+00:00 [queued]>
[2026-03-13T18:50:30.068+0000] {taskinstance.py:1159} INFO - Dependencies all met for dep_context=requeueable deps ti=<TaskInstance: weather_pipeline.run_full_etl manual__2026-03-13T18:50:27.952279+00:00 [queued]>
[2026-03-13T18:50:30.068+0000] {taskinstance.py:1361} INFO - Starting attempt 1 of 1
[2026-03-13T18:50:30.075+0000] {taskinstance.py:1382} INFO - Executing <Task(PythonOperator): run_full_etl> on 2026-03-13 18:50:27.952279+00:00
[2026-03-13T18:50:30.082+0000] {standard_task_runner.py:57} INFO - Started process 115 to run task
[2026-03-13T18:50:30.084+0000] {standard_task_runner.py:84} INFO - Running: ['***', 'tasks', 'run', 'weather_pipeline', 'run_full_etl', 'manual__2026-03-13T18:50:27.952279+00:00', '--job-id', '72', '--raw', '--subdir', 'DAGS_FOLDER/weather_dags.py', '--cfg-path', '/tmp/tmpq8mdwfzc']
[2026-03-13T18:50:30.085+0000] {standard_task_runner.py:85} INFO - Job 72: Subtask run_full_etl
[2026-03-13T18:50:30.097+0000] {logging_mixin.py:151} WARNING - /home/***/.local/lib/python3.8/site-packages/***/settings.py:193 DeprecationWarning: The sql_alchemy_conn option in [core] has been moved to the sql_alchemy_conn option in [database] - the old setting has been used, but please update your config.
[2026-03-13T18:50:30.119+0000] {task_command.py:416} INFO - Running <TaskInstance: weather_pipeline.run_full_etl manual__2026-03-13T18:50:27.952279+00:00 [running]> on host cc09ef2afcee
[2026-03-13T18:50:30.173+0000] {taskinstance.py:1662} INFO - Exporting env vars: AIRFLOW_CTX_DAG_OWNER='mnelisi' AIRFLOW_CTX_DAG_ID='weather_pipeline' AIRFLOW_CTX_TASK_ID='run_full_etl' AIRFLOW_CTX_EXECUTION_DATE='2026-03-13T18:50:27.952279+00:00' AIRFLOW_CTX_TRY_NUMBER='1' AIRFLOW_CTX_DAG_RUN_ID='manual__2026-03-13T18:50:27.952279+00:00'
[2026-03-13T18:50:30.178+0000] {logging_mixin.py:151} INFO - 
[Run ID: 20260313_185030] [Time: 2026-03-13 18:50:30] Database connection successfully!
[2026-03-13T18:50:30.178+0000] {logging_mixin.py:151} INFO - 
[Run ID: 20260313_185030] [Time: 2026-03-13 18:50:30] Table metrics is ready
[2026-03-13T18:50:30.178+0000] {logging_mixin.py:151} INFO - 
[Run ID: 20260313_185030] [Time: 2026-03-13 18:50:30] Fetching weather for: johannesburg (Attempt 1)
[2026-03-13T18:50:30.851+0000] {logging_mixin.py:151} INFO - 
[Run ID: 20260313_185030] [Time: 2026-03-13 18:50:30] API Request Successful!
[2026-03-13T18:50:30.859+0000] {logging_mixin.py:151} INFO - 
[Run ID: 2026-03-13 18:50:30] [Time: 2026-03-13 18:50:30] Data for metrics successfully inserted pipeline_metrics
[2026-03-13T18:50:30.860+0000] {logging_mixin.py:151} INFO - 
[Run ID: 20260313_185030] [Time: 2026-03-13 18:50:30] Raw data saved Generated: data/raw/weather_report_20260313_185030.json
[2026-03-13T18:50:30.869+0000] {logging_mixin.py:151} INFO - 
[Run ID: 20260313_185030] [Time: 2026-03-13 18:50:30] CSV file created: reports/csv/weather_20260313_185030.csv
[2026-03-13T18:50:30.870+0000] {logging_mixin.py:151} INFO - 
[Run ID: 20260313_185030] [Time: 2026-03-13 18:50:30] Data validation passed
[2026-03-13T18:50:30.871+0000] {logging_mixin.py:151} INFO - 
[Run ID: 2026-03-13 18:50:30] [Time: 2026-03-13 18:50:30] Data for metrics successfully inserted pipeline_metrics
[2026-03-13T18:50:30.872+0000] {logging_mixin.py:151} INFO - 
[Run ID: 20260313_185030] [Time: 2026-03-13 18:50:30] Table 'weatherdata' is ready
[2026-03-13T18:50:30.874+0000] {logging_mixin.py:151} INFO - 
[Run ID: 20260313_185030] [Time: 2026-03-13 18:50:30] Data not inserted in DB: 'name'
[2026-03-13T18:50:30.874+0000] {logging_mixin.py:151} INFO - 
[Run ID: 20260313_185030] [Time: 2026-03-13 18:50:30] Fatal error in ETL: 'name'
[2026-03-13T18:50:30.875+0000] {logging_mixin.py:151} INFO - 
[Run ID: 2026-03-13 18:50:30] [Time: 2026-03-13 18:50:30] Data for metrics successfully inserted pipeline_metrics
[2026-03-13T18:50:30.875+0000] {logging_mixin.py:151} INFO - 
[Run ID: 20260313_185030] [Time: 2026-03-13 18:50:30] Database connection closed
[2026-03-13T18:50:30.875+0000] {python.py:194} INFO - Done. Returned value was: None
[2026-03-13T18:50:30.883+0000] {taskinstance.py:1400} INFO - Marking task as SUCCESS. dag_id=weather_pipeline, task_id=run_full_etl, execution_date=20260313T185027, start_date=20260313T185030, end_date=20260313T185030
[2026-03-13T18:50:30.902+0000] {local_task_job_runner.py:228} INFO - Task exited with return code 0
[2026-03-13T18:50:30.915+0000] {taskinstance.py:2778} INFO - 0 downstream tasks scheduled from follow-on schedule check
