[2026-03-13T17:00:19.442+0000] {taskinstance.py:1159} INFO - Dependencies all met for dep_context=non-requeueable deps ti=<TaskInstance: weather_pipeline.run_full_etl manual__2026-03-13T17:00:13.383304+00:00 [queued]>
[2026-03-13T17:00:19.456+0000] {taskinstance.py:1159} INFO - Dependencies all met for dep_context=requeueable deps ti=<TaskInstance: weather_pipeline.run_full_etl manual__2026-03-13T17:00:13.383304+00:00 [queued]>
[2026-03-13T17:00:19.456+0000] {taskinstance.py:1361} INFO - Starting attempt 1 of 1
[2026-03-13T17:00:19.478+0000] {taskinstance.py:1382} INFO - Executing <Task(PythonOperator): run_full_etl> on 2026-03-13 17:00:13.383304+00:00
[2026-03-13T17:00:19.491+0000] {standard_task_runner.py:57} INFO - Started process 115 to run task
[2026-03-13T17:00:19.497+0000] {standard_task_runner.py:84} INFO - Running: ['***', 'tasks', 'run', 'weather_pipeline', 'run_full_etl', 'manual__2026-03-13T17:00:13.383304+00:00', '--job-id', '55', '--raw', '--subdir', 'DAGS_FOLDER/weather_dags.py', '--cfg-path', '/tmp/tmpwqd38og5']
[2026-03-13T17:00:19.500+0000] {standard_task_runner.py:85} INFO - Job 55: Subtask run_full_etl
[2026-03-13T17:00:19.533+0000] {logging_mixin.py:151} WARNING - /home/***/.local/lib/python3.8/site-packages/***/settings.py:193 DeprecationWarning: The sql_alchemy_conn option in [core] has been moved to the sql_alchemy_conn option in [database] - the old setting has been used, but please update your config.
[2026-03-13T17:00:19.599+0000] {task_command.py:416} INFO - Running <TaskInstance: weather_pipeline.run_full_etl manual__2026-03-13T17:00:13.383304+00:00 [running]> on host d121c08f55b4
[2026-03-13T17:00:19.767+0000] {taskinstance.py:1662} INFO - Exporting env vars: AIRFLOW_CTX_DAG_OWNER='mnelisi' AIRFLOW_CTX_DAG_ID='weather_pipeline' AIRFLOW_CTX_TASK_ID='run_full_etl' AIRFLOW_CTX_EXECUTION_DATE='2026-03-13T17:00:13.383304+00:00' AIRFLOW_CTX_TRY_NUMBER='1' AIRFLOW_CTX_DAG_RUN_ID='manual__2026-03-13T17:00:13.383304+00:00'
[2026-03-13T17:00:19.781+0000] {logging_mixin.py:151} INFO - 
[Run ID: 20260313_170019] [Time: 2026-03-13 17:00:19] Database connection successfully!
[2026-03-13T17:00:19.784+0000] {logging_mixin.py:151} INFO - 
[Run ID: 20260313_170019] [Time: 2026-03-13 17:00:19] Table metrics is ready
[2026-03-13T17:00:19.784+0000] {logging_mixin.py:151} INFO - 
[Run ID: 20260313_170019] [Time: 2026-03-13 17:00:19] Fetching weather for: johannesburg (Attempt 1)
[2026-03-13T17:00:22.024+0000] {logging_mixin.py:151} INFO - 
[Run ID: 20260313_170019] [Time: 2026-03-13 17:00:22] API Request Successful!
[2026-03-13T17:00:22.033+0000] {logging_mixin.py:151} INFO - 
[Run ID: 2026-03-13 17:00:22] [Time: 2026-03-13 17:00:22] Data for metrics successfully inserted pipeline_metrics
[2026-03-13T17:00:22.034+0000] {logging_mixin.py:151} INFO - 
[Run ID: 20260313_170019] [Time: 2026-03-13 17:00:22] Raw data saved Generated: data/raw/weather_report_20260313_170019.json
[2026-03-13T17:00:22.053+0000] {logging_mixin.py:151} INFO - 
[Run ID: 20260313_170019] [Time: 2026-03-13 17:00:22] CSV file created: reports/csv/weather_20260313_170019.csv
[2026-03-13T17:00:22.053+0000] {logging_mixin.py:151} INFO - <class 'dict'>
[2026-03-13T17:00:22.054+0000] {logging_mixin.py:151} INFO - 
[Run ID: 20260313_170019] [Time: 2026-03-13 17:00:22] Fatal error in ETL: string indices must be integers
[2026-03-13T17:00:22.057+0000] {logging_mixin.py:151} INFO - 
[Run ID: 2026-03-13 17:00:22] [Time: 2026-03-13 17:00:22] Data for metrics successfully inserted pipeline_metrics
[2026-03-13T17:00:22.057+0000] {logging_mixin.py:151} INFO - 
[Run ID: 20260313_170019] [Time: 2026-03-13 17:00:22] Database connection closed
[2026-03-13T17:00:22.058+0000] {python.py:194} INFO - Done. Returned value was: None
[2026-03-13T17:00:22.082+0000] {taskinstance.py:1400} INFO - Marking task as SUCCESS. dag_id=weather_pipeline, task_id=run_full_etl, execution_date=20260313T170013, start_date=20260313T170019, end_date=20260313T170022
[2026-03-13T17:00:22.122+0000] {local_task_job_runner.py:228} INFO - Task exited with return code 0
[2026-03-13T17:00:22.164+0000] {taskinstance.py:2778} INFO - 0 downstream tasks scheduled from follow-on schedule check
