[2026-03-15T00:02:37.776+0000] {taskinstance.py:1159} INFO - Dependencies all met for dep_context=non-requeueable deps ti=<TaskInstance: weather_pipeline.run_full_etl manual__2026-03-15T00:02:34.827259+00:00 [queued]>
[2026-03-15T00:02:37.784+0000] {taskinstance.py:1159} INFO - Dependencies all met for dep_context=requeueable deps ti=<TaskInstance: weather_pipeline.run_full_etl manual__2026-03-15T00:02:34.827259+00:00 [queued]>
[2026-03-15T00:02:37.784+0000] {taskinstance.py:1361} INFO - Starting attempt 1 of 1
[2026-03-15T00:02:37.794+0000] {taskinstance.py:1382} INFO - Executing <Task(PythonOperator): run_full_etl> on 2026-03-15 00:02:34.827259+00:00
[2026-03-15T00:02:37.800+0000] {standard_task_runner.py:57} INFO - Started process 139 to run task
[2026-03-15T00:02:37.802+0000] {standard_task_runner.py:84} INFO - Running: ['***', 'tasks', 'run', 'weather_pipeline', 'run_full_etl', 'manual__2026-03-15T00:02:34.827259+00:00', '--job-id', '88', '--raw', '--subdir', 'DAGS_FOLDER/weather_dags.py', '--cfg-path', '/tmp/tmp8081cqxt']
[2026-03-15T00:02:37.804+0000] {standard_task_runner.py:85} INFO - Job 88: Subtask run_full_etl
[2026-03-15T00:02:37.816+0000] {logging_mixin.py:151} WARNING - /home/***/.local/lib/python3.8/site-packages/***/settings.py:193 DeprecationWarning: The sql_alchemy_conn option in [core] has been moved to the sql_alchemy_conn option in [database] - the old setting has been used, but please update your config.
[2026-03-15T00:02:37.840+0000] {task_command.py:416} INFO - Running <TaskInstance: weather_pipeline.run_full_etl manual__2026-03-15T00:02:34.827259+00:00 [running]> on host 67091bd1647e
[2026-03-15T00:02:37.905+0000] {taskinstance.py:1662} INFO - Exporting env vars: AIRFLOW_CTX_DAG_OWNER='mnelisi' AIRFLOW_CTX_DAG_ID='weather_pipeline' AIRFLOW_CTX_TASK_ID='run_full_etl' AIRFLOW_CTX_EXECUTION_DATE='2026-03-15T00:02:34.827259+00:00' AIRFLOW_CTX_TRY_NUMBER='1' AIRFLOW_CTX_DAG_RUN_ID='manual__2026-03-15T00:02:34.827259+00:00'
[2026-03-15T00:02:37.910+0000] {logging_mixin.py:151} INFO - 
[Run ID: 20260315_000237] [Time: 2026-03-15 00:02:37] Database connection successfully!
[2026-03-15T00:02:37.910+0000] {logging_mixin.py:151} INFO - 
[Run ID: 20260315_000237] [Time: 2026-03-15 00:02:37] Table metrics is ready
[2026-03-15T00:02:37.911+0000] {logging_mixin.py:151} INFO - 
[Run ID: 20260315_000237] [Time: 2026-03-15 00:02:37] Fetching weather for: johannesburg (Attempt 1)
[2026-03-15T00:02:38.634+0000] {logging_mixin.py:151} INFO - 
[Run ID: 20260315_000237] [Time: 2026-03-15 00:02:38] API Request Successful johannesburg
[2026-03-15T00:02:38.634+0000] {logging_mixin.py:151} INFO - 
[Run ID: 20260315_000237] [Time: 2026-03-15 00:02:38] Fetching weather for: capetown (Attempt 1)
[2026-03-15T00:02:39.324+0000] {logging_mixin.py:151} INFO - 
[Run ID: 20260315_000237] [Time: 2026-03-15 00:02:39] HTTP error for capetown: 404 Client Error: Not Found for url: https://api.openweathermap.org/data/2.5/weather?q=capetown&appid=210fdd948a660e93fb8d292e45c3fb6b&units=metric (City may be wrong or API key invalid)
[2026-03-15T00:02:39.324+0000] {logging_mixin.py:151} INFO - 
[Run ID: 20260315_000237] [Time: 2026-03-15 00:02:39] Fetching weather for: durban (Attempt 1)
[2026-03-15T00:02:40.008+0000] {logging_mixin.py:151} INFO - 
[Run ID: 20260315_000237] [Time: 2026-03-15 00:02:40] API Request Successful durban
[2026-03-15T00:02:40.008+0000] {logging_mixin.py:151} INFO - 
[Run ID: 20260315_000237] [Time: 2026-03-15 00:02:40] Fetching weather for: pretoria (Attempt 1)
[2026-03-15T00:02:40.704+0000] {logging_mixin.py:151} INFO - 
[Run ID: 20260315_000237] [Time: 2026-03-15 00:02:40] API Request Successful pretoria
[2026-03-15T00:02:40.711+0000] {logging_mixin.py:151} INFO - 
[Run ID: 2026-03-15 00:02:40] [Time: 2026-03-15 00:02:40] Data for metrics successfully inserted pipeline_metrics
[2026-03-15T00:02:40.712+0000] {logging_mixin.py:151} INFO - 
[Run ID: 20260315_000237] [Time: 2026-03-15 00:02:40] Raw data saved Generated: data/raw/weather_report_20260315_000237.json
[2026-03-15T00:02:40.717+0000] {logging_mixin.py:151} INFO - 
[Run ID: 20260315_000237] [Time: 2026-03-15 00:02:40] CSV file created: reports/csv/weather_20260315_000237.csv
[2026-03-15T00:02:40.718+0000] {logging_mixin.py:151} INFO - 
[Run ID: 20260315_000237] [Time: 2026-03-15 00:02:40] Data validation passed
[2026-03-15T00:02:40.718+0000] {logging_mixin.py:151} INFO - 
[Run ID: 2026-03-15 00:02:40] [Time: 2026-03-15 00:02:40] Data for metrics successfully inserted pipeline_metrics
[2026-03-15T00:02:40.719+0000] {logging_mixin.py:151} INFO - 
[Run ID: 20260315_000237] [Time: 2026-03-15 00:02:40] Table 'weatherdata' is ready
[2026-03-15T00:02:40.719+0000] {logging_mixin.py:151} INFO - 
[Run ID: 20260315_000237] [Time: 2026-03-15 00:02:40] Data not inserted in DB: to_datetime() got an unexpected keyword argument 'ts'
[2026-03-15T00:02:40.719+0000] {logging_mixin.py:151} INFO - 
[Run ID: 20260315_000237] [Time: 2026-03-15 00:02:40] Fatal error in ETL: to_datetime() got an unexpected keyword argument 'ts'
[2026-03-15T00:02:40.720+0000] {logging_mixin.py:151} INFO - 
[Run ID: 2026-03-15 00:02:40] [Time: 2026-03-15 00:02:40] Data for metrics successfully inserted pipeline_metrics
[2026-03-15T00:02:40.720+0000] {logging_mixin.py:151} INFO - 
[Run ID: 20260315_000237] [Time: 2026-03-15 00:02:40] Database connection closed
[2026-03-15T00:02:40.720+0000] {python.py:194} INFO - Done. Returned value was: None
[2026-03-15T00:02:40.728+0000] {taskinstance.py:1400} INFO - Marking task as SUCCESS. dag_id=weather_pipeline, task_id=run_full_etl, execution_date=20260315T000234, start_date=20260315T000237, end_date=20260315T000240
[2026-03-15T00:02:40.754+0000] {local_task_job_runner.py:228} INFO - Task exited with return code 0
[2026-03-15T00:02:40.768+0000] {taskinstance.py:2778} INFO - 0 downstream tasks scheduled from follow-on schedule check
