[2026-03-13T16:49:27.941+0000] {taskinstance.py:1159} INFO - Dependencies all met for dep_context=non-requeueable deps ti=<TaskInstance: weather_pipeline.run_full_etl manual__2026-03-13T16:49:21.410864+00:00 [queued]>
[2026-03-13T16:49:27.955+0000] {taskinstance.py:1159} INFO - Dependencies all met for dep_context=requeueable deps ti=<TaskInstance: weather_pipeline.run_full_etl manual__2026-03-13T16:49:21.410864+00:00 [queued]>
[2026-03-13T16:49:27.955+0000] {taskinstance.py:1361} INFO - Starting attempt 1 of 1
[2026-03-13T16:49:27.977+0000] {taskinstance.py:1382} INFO - Executing <Task(PythonOperator): run_full_etl> on 2026-03-13 16:49:21.410864+00:00
[2026-03-13T16:49:27.989+0000] {standard_task_runner.py:57} INFO - Started process 142 to run task
[2026-03-13T16:49:27.995+0000] {standard_task_runner.py:84} INFO - Running: ['***', 'tasks', 'run', 'weather_pipeline', 'run_full_etl', 'manual__2026-03-13T16:49:21.410864+00:00', '--job-id', '53', '--raw', '--subdir', 'DAGS_FOLDER/weather_dags.py', '--cfg-path', '/tmp/tmpbxl4ak4w']
[2026-03-13T16:49:27.999+0000] {standard_task_runner.py:85} INFO - Job 53: Subtask run_full_etl
[2026-03-13T16:49:28.031+0000] {logging_mixin.py:151} WARNING - /home/***/.local/lib/python3.8/site-packages/***/settings.py:193 DeprecationWarning: The sql_alchemy_conn option in [core] has been moved to the sql_alchemy_conn option in [database] - the old setting has been used, but please update your config.
[2026-03-13T16:49:28.097+0000] {task_command.py:416} INFO - Running <TaskInstance: weather_pipeline.run_full_etl manual__2026-03-13T16:49:21.410864+00:00 [running]> on host 54d0033f1024
[2026-03-13T16:49:28.259+0000] {taskinstance.py:1662} INFO - Exporting env vars: AIRFLOW_CTX_DAG_OWNER='mnelisi' AIRFLOW_CTX_DAG_ID='weather_pipeline' AIRFLOW_CTX_TASK_ID='run_full_etl' AIRFLOW_CTX_EXECUTION_DATE='2026-03-13T16:49:21.410864+00:00' AIRFLOW_CTX_TRY_NUMBER='1' AIRFLOW_CTX_DAG_RUN_ID='manual__2026-03-13T16:49:21.410864+00:00'
[2026-03-13T16:49:28.272+0000] {logging_mixin.py:151} INFO - 
[Run ID: 20260313_164928] [Time: 2026-03-13 16:49:28] Database connection successfully!
[2026-03-13T16:49:28.275+0000] {logging_mixin.py:151} INFO - 
[Run ID: 20260313_164928] [Time: 2026-03-13 16:49:28] Table metrics is ready
[2026-03-13T16:49:28.275+0000] {logging_mixin.py:151} INFO - 
[Run ID: 20260313_164928] [Time: 2026-03-13 16:49:28] Fetching weather for: johannesburg (Attempt 1)
[2026-03-13T16:49:28.999+0000] {logging_mixin.py:151} INFO - 
[Run ID: 20260313_164928] [Time: 2026-03-13 16:49:28] API Request Successful!
[2026-03-13T16:49:29.006+0000] {logging_mixin.py:151} INFO - 
[Run ID: 2026-03-13 16:49:29] [Time: 2026-03-13 16:49:29] Data for metrics successfully inserted pipeline_metrics
[2026-03-13T16:49:29.007+0000] {logging_mixin.py:151} INFO - 
[Run ID: 20260313_164928] [Time: 2026-03-13 16:49:29] Raw data saved Generated: data/raw/weather_report_20260313_164928.json
[2026-03-13T16:49:29.020+0000] {logging_mixin.py:151} INFO - 
[Run ID: 20260313_164928] [Time: 2026-03-13 16:49:29] CSV file created: reports/csv/weather_20260313_164928.csv
[2026-03-13T16:49:29.021+0000] {logging_mixin.py:151} INFO - 
[Run ID: 20260313_164928] [Time: 2026-03-13 16:49:29] Fatal error in ETL: string indices must be integers
[2026-03-13T16:49:29.024+0000] {logging_mixin.py:151} INFO - 
[Run ID: 2026-03-13 16:49:29] [Time: 2026-03-13 16:49:29] Data for metrics successfully inserted pipeline_metrics
[2026-03-13T16:49:29.024+0000] {logging_mixin.py:151} INFO - 
[Run ID: 20260313_164928] [Time: 2026-03-13 16:49:29] Database connection closed
[2026-03-13T16:49:29.025+0000] {python.py:194} INFO - Done. Returned value was: None
[2026-03-13T16:49:29.047+0000] {taskinstance.py:1400} INFO - Marking task as SUCCESS. dag_id=weather_pipeline, task_id=run_full_etl, execution_date=20260313T164921, start_date=20260313T164927, end_date=20260313T164929
[2026-03-13T16:49:29.091+0000] {local_task_job_runner.py:228} INFO - Task exited with return code 0
[2026-03-13T16:49:29.132+0000] {taskinstance.py:2778} INFO - 0 downstream tasks scheduled from follow-on schedule check
