[2026-03-15T00:10:09.694+0000] {taskinstance.py:1159} INFO - Dependencies all met for dep_context=non-requeueable deps ti=<TaskInstance: weather_pipeline.run_full_etl manual__2026-03-15T00:10:07.169385+00:00 [queued]>
[2026-03-15T00:10:09.699+0000] {taskinstance.py:1159} INFO - Dependencies all met for dep_context=requeueable deps ti=<TaskInstance: weather_pipeline.run_full_etl manual__2026-03-15T00:10:07.169385+00:00 [queued]>
[2026-03-15T00:10:09.699+0000] {taskinstance.py:1361} INFO - Starting attempt 1 of 1
[2026-03-15T00:10:09.707+0000] {taskinstance.py:1382} INFO - Executing <Task(PythonOperator): run_full_etl> on 2026-03-15 00:10:07.169385+00:00
[2026-03-15T00:10:09.714+0000] {standard_task_runner.py:57} INFO - Started process 117 to run task
[2026-03-15T00:10:09.717+0000] {standard_task_runner.py:84} INFO - Running: ['***', 'tasks', 'run', 'weather_pipeline', 'run_full_etl', 'manual__2026-03-15T00:10:07.169385+00:00', '--job-id', '90', '--raw', '--subdir', 'DAGS_FOLDER/weather_dags.py', '--cfg-path', '/tmp/tmp_ffenzv2']
[2026-03-15T00:10:09.719+0000] {standard_task_runner.py:85} INFO - Job 90: Subtask run_full_etl
[2026-03-15T00:10:09.735+0000] {logging_mixin.py:151} WARNING - /home/***/.local/lib/python3.8/site-packages/***/settings.py:193 DeprecationWarning: The sql_alchemy_conn option in [core] has been moved to the sql_alchemy_conn option in [database] - the old setting has been used, but please update your config.
[2026-03-15T00:10:09.762+0000] {task_command.py:416} INFO - Running <TaskInstance: weather_pipeline.run_full_etl manual__2026-03-15T00:10:07.169385+00:00 [running]> on host 3162021c896c
[2026-03-15T00:10:09.828+0000] {taskinstance.py:1662} INFO - Exporting env vars: AIRFLOW_CTX_DAG_OWNER='mnelisi' AIRFLOW_CTX_DAG_ID='weather_pipeline' AIRFLOW_CTX_TASK_ID='run_full_etl' AIRFLOW_CTX_EXECUTION_DATE='2026-03-15T00:10:07.169385+00:00' AIRFLOW_CTX_TRY_NUMBER='1' AIRFLOW_CTX_DAG_RUN_ID='manual__2026-03-15T00:10:07.169385+00:00'
[2026-03-15T00:10:09.833+0000] {logging_mixin.py:151} INFO - 
[Run ID: 20260315_001009] [Time: 2026-03-15 00:10:09] Database connection successfully!
[2026-03-15T00:10:09.834+0000] {logging_mixin.py:151} INFO - 
[Run ID: 20260315_001009] [Time: 2026-03-15 00:10:09] Table metrics is ready
[2026-03-15T00:10:09.834+0000] {logging_mixin.py:151} INFO - 
[Run ID: 20260315_001009] [Time: 2026-03-15 00:10:09] Fetching weather for: johannesburg (Attempt 1)
[2026-03-15T00:10:10.528+0000] {logging_mixin.py:151} INFO - 
[Run ID: 20260315_001009] [Time: 2026-03-15 00:10:10] API Request Successful johannesburg
[2026-03-15T00:10:10.529+0000] {logging_mixin.py:151} INFO - 
[Run ID: 20260315_001009] [Time: 2026-03-15 00:10:10] Fetching weather for: cape town (Attempt 1)
[2026-03-15T00:10:11.173+0000] {logging_mixin.py:151} INFO - 
[Run ID: 20260315_001009] [Time: 2026-03-15 00:10:11] API Request Successful cape town
[2026-03-15T00:10:11.174+0000] {logging_mixin.py:151} INFO - 
[Run ID: 20260315_001009] [Time: 2026-03-15 00:10:11] Fetching weather for: durban (Attempt 1)
[2026-03-15T00:10:11.820+0000] {logging_mixin.py:151} INFO - 
[Run ID: 20260315_001009] [Time: 2026-03-15 00:10:11] API Request Successful durban
[2026-03-15T00:10:11.821+0000] {logging_mixin.py:151} INFO - 
[Run ID: 20260315_001009] [Time: 2026-03-15 00:10:11] Fetching weather for: pretoria (Attempt 1)
[2026-03-15T00:10:12.460+0000] {logging_mixin.py:151} INFO - 
[Run ID: 20260315_001009] [Time: 2026-03-15 00:10:12] API Request Successful pretoria
[2026-03-15T00:10:12.468+0000] {logging_mixin.py:151} INFO - 
[Run ID: 2026-03-15 00:10:12] [Time: 2026-03-15 00:10:12] Data for metrics successfully inserted pipeline_metrics
[2026-03-15T00:10:12.469+0000] {logging_mixin.py:151} INFO - 
[Run ID: 20260315_001009] [Time: 2026-03-15 00:10:12] Raw data saved Generated: data/raw/weather_report_20260315_001009.json
[2026-03-15T00:10:12.477+0000] {logging_mixin.py:151} INFO - 
[Run ID: 20260315_001009] [Time: 2026-03-15 00:10:12] CSV file created: reports/csv/weather_20260315_001009.csv
[2026-03-15T00:10:12.477+0000] {logging_mixin.py:151} INFO - 
[Run ID: 20260315_001009] [Time: 2026-03-15 00:10:12] Data validation passed
[2026-03-15T00:10:12.478+0000] {logging_mixin.py:151} INFO - 
[Run ID: 2026-03-15 00:10:12] [Time: 2026-03-15 00:10:12] Data for metrics successfully inserted pipeline_metrics
[2026-03-15T00:10:12.479+0000] {logging_mixin.py:151} INFO - 
[Run ID: 20260315_001009] [Time: 2026-03-15 00:10:12] Table 'weatherdata' is ready
[2026-03-15T00:10:12.483+0000] {logging_mixin.py:151} INFO - 
[Run ID: 20260315_001009] [Time: 2026-03-15 00:10:12] Data for Johannesburg successfully inserted to: weatherdata
[2026-03-15T00:10:12.484+0000] {logging_mixin.py:151} INFO - 
[Run ID: 20260315_001009] [Time: 2026-03-15 00:10:12] Data for Cape Town successfully inserted to: weatherdata
[2026-03-15T00:10:12.485+0000] {logging_mixin.py:151} INFO - 
[Run ID: 20260315_001009] [Time: 2026-03-15 00:10:12] Data for Durban successfully inserted to: weatherdata
[2026-03-15T00:10:12.486+0000] {logging_mixin.py:151} INFO - 
[Run ID: 20260315_001009] [Time: 2026-03-15 00:10:12] Data for Pretoria successfully inserted to: weatherdata
[2026-03-15T00:10:12.486+0000] {logging_mixin.py:151} INFO - 
[Run ID: 2026-03-15 00:10:12] [Time: 2026-03-15 00:10:12] Data for metrics successfully inserted pipeline_metrics
[2026-03-15T00:10:12.489+0000] {logging_mixin.py:151} INFO - 
[Run ID: 20260315_001009] [Time: 2026-03-15 00:10:12] PDF Report Generated: reports/pdf/weather_report_20260315_001009.pdf
[2026-03-15T00:10:12.490+0000] {logging_mixin.py:151} INFO - 
[Run ID: 2026-03-15 00:10:12] [Time: 2026-03-15 00:10:12] Data for metrics successfully inserted pipeline_metrics
[2026-03-15T00:10:12.490+0000] {logging_mixin.py:151} INFO - 
[Run ID: 20260315_001009] [Time: 2026-03-15 00:10:12] ETL run successfuly completed
[2026-03-15T00:10:12.490+0000] {logging_mixin.py:151} INFO - 
[Run ID: 20260315_001009] [Time: 2026-03-15 00:10:12] Database connection closed
[2026-03-15T00:10:12.491+0000] {python.py:194} INFO - Done. Returned value was: None
[2026-03-15T00:10:12.498+0000] {taskinstance.py:1400} INFO - Marking task as SUCCESS. dag_id=weather_pipeline, task_id=run_full_etl, execution_date=20260315T001007, start_date=20260315T001009, end_date=20260315T001012
[2026-03-15T00:10:12.552+0000] {local_task_job_runner.py:228} INFO - Task exited with return code 0
[2026-03-15T00:10:12.566+0000] {taskinstance.py:2778} INFO - 0 downstream tasks scheduled from follow-on schedule check
