[2026-03-14T12:33:04.064+0000] {taskinstance.py:1159} INFO - Dependencies all met for dep_context=non-requeueable deps ti=<TaskInstance: weather_pipeline.run_full_etl scheduled__2026-03-13T00:00:00+00:00 [queued]>
[2026-03-14T12:33:04.078+0000] {taskinstance.py:1159} INFO - Dependencies all met for dep_context=requeueable deps ti=<TaskInstance: weather_pipeline.run_full_etl scheduled__2026-03-13T00:00:00+00:00 [queued]>
[2026-03-14T12:33:04.078+0000] {taskinstance.py:1361} INFO - Starting attempt 1 of 1
[2026-03-14T12:33:04.100+0000] {taskinstance.py:1382} INFO - Executing <Task(PythonOperator): run_full_etl> on 2026-03-13 00:00:00+00:00
[2026-03-14T12:33:04.113+0000] {standard_task_runner.py:57} INFO - Started process 380 to run task
[2026-03-14T12:33:04.119+0000] {standard_task_runner.py:84} INFO - Running: ['***', 'tasks', 'run', 'weather_pipeline', 'run_full_etl', 'scheduled__2026-03-13T00:00:00+00:00', '--job-id', '81', '--raw', '--subdir', 'DAGS_FOLDER/weather_dags.py', '--cfg-path', '/tmp/tmp05yumbwr']
[2026-03-14T12:33:04.122+0000] {standard_task_runner.py:85} INFO - Job 81: Subtask run_full_etl
[2026-03-14T12:33:04.156+0000] {logging_mixin.py:151} WARNING - /home/***/.local/lib/python3.8/site-packages/***/settings.py:193 DeprecationWarning: The sql_alchemy_conn option in [core] has been moved to the sql_alchemy_conn option in [database] - the old setting has been used, but please update your config.
[2026-03-14T12:33:04.228+0000] {task_command.py:416} INFO - Running <TaskInstance: weather_pipeline.run_full_etl scheduled__2026-03-13T00:00:00+00:00 [running]> on host dc1e918b8911
[2026-03-14T12:33:04.395+0000] {taskinstance.py:1662} INFO - Exporting env vars: AIRFLOW_CTX_DAG_OWNER='mnelisi' AIRFLOW_CTX_DAG_ID='weather_pipeline' AIRFLOW_CTX_TASK_ID='run_full_etl' AIRFLOW_CTX_EXECUTION_DATE='2026-03-13T00:00:00+00:00' AIRFLOW_CTX_TRY_NUMBER='1' AIRFLOW_CTX_DAG_RUN_ID='scheduled__2026-03-13T00:00:00+00:00'
[2026-03-14T12:33:04.408+0000] {logging_mixin.py:151} INFO - 
[Run ID: 20260314_123304] [Time: 2026-03-14 12:33:04] Database connection successfully!
[2026-03-14T12:33:04.411+0000] {logging_mixin.py:151} INFO - 
[Run ID: 20260314_123304] [Time: 2026-03-14 12:33:04] Table metrics is ready
[2026-03-14T12:33:04.412+0000] {logging_mixin.py:151} INFO - 
[Run ID: 20260314_123304] [Time: 2026-03-14 12:33:04] Fetching weather for: johannesburg (Attempt 1)
[2026-03-14T12:33:04.426+0000] {logging_mixin.py:151} INFO - 
[Run ID: 20260314_123304] [Time: 2026-03-14 12:33:04] Connection error. Retry in 3 seconds...
[2026-03-14T12:33:07.430+0000] {logging_mixin.py:151} INFO - 
[Run ID: 20260314_123304] [Time: 2026-03-14 12:33:07] Fetching weather for: johannesburg (Attempt 2)
[2026-03-14T12:33:07.438+0000] {logging_mixin.py:151} INFO - 
[Run ID: 20260314_123304] [Time: 2026-03-14 12:33:07] Connection error. Retry in 3 seconds...
[2026-03-14T12:33:10.443+0000] {logging_mixin.py:151} INFO - 
[Run ID: 20260314_123304] [Time: 2026-03-14 12:33:10] Fetching weather for: johannesburg (Attempt 3)
[2026-03-14T12:33:10.450+0000] {logging_mixin.py:151} INFO - 
[Run ID: 20260314_123304] [Time: 2026-03-14 12:33:10] Connection error. Retry in 3 seconds...
[2026-03-14T12:33:13.455+0000] {logging_mixin.py:151} INFO - 
[Run ID: 20260314_123304] [Time: 2026-03-14 12:33:13] Failed to fetch data after retry.
[2026-03-14T12:33:13.456+0000] {logging_mixin.py:151} INFO - 
[Run ID: 20260314_123304] [Time: 2026-03-14 12:33:13] ETL stopped due to API failure
[2026-03-14T12:33:13.462+0000] {logging_mixin.py:151} INFO - 
[Run ID: 2026-03-14 12:33:13] [Time: 2026-03-14 12:33:13] Data for metrics successfully inserted pipeline_metrics
[2026-03-14T12:33:13.463+0000] {logging_mixin.py:151} INFO - 
[Run ID: 20260314_123304] [Time: 2026-03-14 12:33:13] Database connection closed
[2026-03-14T12:33:13.504+0000] {local_task_job_runner.py:228} INFO - Task exited with return code 1
[2026-03-14T12:33:13.543+0000] {taskinstance.py:2778} INFO - 0 downstream tasks scheduled from follow-on schedule check
