[2026-03-13T19:14:45.320+0000] {taskinstance.py:1159} INFO - Dependencies all met for dep_context=non-requeueable deps ti=<TaskInstance: weather_pipeline.run_full_etl manual__2026-03-13T19:14:42.902603+00:00 [queued]>
[2026-03-13T19:14:45.324+0000] {taskinstance.py:1159} INFO - Dependencies all met for dep_context=requeueable deps ti=<TaskInstance: weather_pipeline.run_full_etl manual__2026-03-13T19:14:42.902603+00:00 [queued]>
[2026-03-13T19:14:45.325+0000] {taskinstance.py:1361} INFO - Starting attempt 1 of 1
[2026-03-13T19:14:45.332+0000] {taskinstance.py:1382} INFO - Executing <Task(PythonOperator): run_full_etl> on 2026-03-13 19:14:42.902603+00:00
[2026-03-13T19:14:45.338+0000] {standard_task_runner.py:57} INFO - Started process 115 to run task
[2026-03-13T19:14:45.340+0000] {standard_task_runner.py:84} INFO - Running: ['***', 'tasks', 'run', 'weather_pipeline', 'run_full_etl', 'manual__2026-03-13T19:14:42.902603+00:00', '--job-id', '78', '--raw', '--subdir', 'DAGS_FOLDER/weather_dags.py', '--cfg-path', '/tmp/tmpedma9qbm']
[2026-03-13T19:14:45.342+0000] {standard_task_runner.py:85} INFO - Job 78: Subtask run_full_etl
[2026-03-13T19:14:45.352+0000] {logging_mixin.py:151} WARNING - /home/***/.local/lib/python3.8/site-packages/***/settings.py:193 DeprecationWarning: The sql_alchemy_conn option in [core] has been moved to the sql_alchemy_conn option in [database] - the old setting has been used, but please update your config.
[2026-03-13T19:14:45.375+0000] {task_command.py:416} INFO - Running <TaskInstance: weather_pipeline.run_full_etl manual__2026-03-13T19:14:42.902603+00:00 [running]> on host 1488f1c07e12
[2026-03-13T19:14:45.430+0000] {taskinstance.py:1662} INFO - Exporting env vars: AIRFLOW_CTX_DAG_OWNER='mnelisi' AIRFLOW_CTX_DAG_ID='weather_pipeline' AIRFLOW_CTX_TASK_ID='run_full_etl' AIRFLOW_CTX_EXECUTION_DATE='2026-03-13T19:14:42.902603+00:00' AIRFLOW_CTX_TRY_NUMBER='1' AIRFLOW_CTX_DAG_RUN_ID='manual__2026-03-13T19:14:42.902603+00:00'
[2026-03-13T19:14:45.435+0000] {logging_mixin.py:151} INFO - 
[Run ID: 20260313_191445] [Time: 2026-03-13 19:14:45] Database connection successfully!
[2026-03-13T19:14:45.436+0000] {logging_mixin.py:151} INFO - 
[Run ID: 20260313_191445] [Time: 2026-03-13 19:14:45] Table metrics is ready
[2026-03-13T19:14:45.436+0000] {logging_mixin.py:151} INFO - 
[Run ID: 20260313_191445] [Time: 2026-03-13 19:14:45] Fetching weather for: johannesburg (Attempt 1)
[2026-03-13T19:14:46.928+0000] {logging_mixin.py:151} INFO - 
[Run ID: 20260313_191445] [Time: 2026-03-13 19:14:46] API Request Successful!
[2026-03-13T19:14:46.937+0000] {logging_mixin.py:151} INFO - 
[Run ID: 2026-03-13 19:14:46] [Time: 2026-03-13 19:14:46] Data for metrics successfully inserted pipeline_metrics
[2026-03-13T19:14:46.938+0000] {logging_mixin.py:151} INFO - 
[Run ID: 20260313_191445] [Time: 2026-03-13 19:14:46] Raw data saved Generated: data/raw/weather_report_20260313_191445.json
[2026-03-13T19:14:46.946+0000] {logging_mixin.py:151} INFO - 
[Run ID: 20260313_191445] [Time: 2026-03-13 19:14:46] CSV file created: reports/csv/weather_20260313_191445.csv
[2026-03-13T19:14:46.947+0000] {logging_mixin.py:151} INFO - 
[Run ID: 20260313_191445] [Time: 2026-03-13 19:14:46] Data validation passed
[2026-03-13T19:14:46.948+0000] {logging_mixin.py:151} INFO - 
[Run ID: 2026-03-13 19:14:46] [Time: 2026-03-13 19:14:46] Data for metrics successfully inserted pipeline_metrics
[2026-03-13T19:14:46.948+0000] {logging_mixin.py:151} INFO - 
[Run ID: 20260313_191445] [Time: 2026-03-13 19:14:46] Table 'weatherdata' is ready
[2026-03-13T19:14:46.951+0000] {logging_mixin.py:151} INFO - 
[Run ID: 20260313_191445] [Time: 2026-03-13 19:14:46] Data not inserted in DB: 'name'
[2026-03-13T19:14:46.951+0000] {logging_mixin.py:151} INFO - 
[Run ID: 20260313_191445] [Time: 2026-03-13 19:14:46] Fatal error in ETL: 'name'
[2026-03-13T19:14:46.952+0000] {logging_mixin.py:151} INFO - 
[Run ID: 2026-03-13 19:14:46] [Time: 2026-03-13 19:14:46] Data for metrics successfully inserted pipeline_metrics
[2026-03-13T19:14:46.952+0000] {logging_mixin.py:151} INFO - 
[Run ID: 20260313_191445] [Time: 2026-03-13 19:14:46] Database connection closed
[2026-03-13T19:14:46.952+0000] {python.py:194} INFO - Done. Returned value was: None
[2026-03-13T19:14:46.960+0000] {taskinstance.py:1400} INFO - Marking task as SUCCESS. dag_id=weather_pipeline, task_id=run_full_etl, execution_date=20260313T191442, start_date=20260313T191445, end_date=20260313T191446
[2026-03-13T19:14:47.005+0000] {local_task_job_runner.py:228} INFO - Task exited with return code 0
[2026-03-13T19:14:47.026+0000] {taskinstance.py:2778} INFO - 0 downstream tasks scheduled from follow-on schedule check
