[2026-03-13T12:03:46.432+0000] {taskinstance.py:1159} INFO - Dependencies all met for dep_context=non-requeueable deps ti=<TaskInstance: weather_pipeline.run_full_etl manual__2026-03-13T12:03:39.119798+00:00 [queued]>
[2026-03-13T12:03:46.447+0000] {taskinstance.py:1159} INFO - Dependencies all met for dep_context=requeueable deps ti=<TaskInstance: weather_pipeline.run_full_etl manual__2026-03-13T12:03:39.119798+00:00 [queued]>
[2026-03-13T12:03:46.447+0000] {taskinstance.py:1361} INFO - Starting attempt 1 of 1
[2026-03-13T12:03:46.471+0000] {taskinstance.py:1382} INFO - Executing <Task(PythonOperator): run_full_etl> on 2026-03-13 12:03:39.119798+00:00
[2026-03-13T12:03:46.484+0000] {standard_task_runner.py:57} INFO - Started process 121 to run task
[2026-03-13T12:03:46.492+0000] {standard_task_runner.py:84} INFO - Running: ['***', 'tasks', 'run', 'weather_pipeline', 'run_full_etl', 'manual__2026-03-13T12:03:39.119798+00:00', '--job-id', '42', '--raw', '--subdir', 'DAGS_FOLDER/weather_dags.py', '--cfg-path', '/tmp/tmpu0z0sosy']
[2026-03-13T12:03:46.495+0000] {standard_task_runner.py:85} INFO - Job 42: Subtask run_full_etl
[2026-03-13T12:03:46.531+0000] {logging_mixin.py:151} WARNING - /home/***/.local/lib/python3.8/site-packages/***/settings.py:193 DeprecationWarning: The sql_alchemy_conn option in [core] has been moved to the sql_alchemy_conn option in [database] - the old setting has been used, but please update your config.
[2026-03-13T12:03:46.607+0000] {task_command.py:416} INFO - Running <TaskInstance: weather_pipeline.run_full_etl manual__2026-03-13T12:03:39.119798+00:00 [running]> on host dc3407e77264
[2026-03-13T12:03:46.793+0000] {taskinstance.py:1662} INFO - Exporting env vars: AIRFLOW_CTX_DAG_OWNER='mnelisi' AIRFLOW_CTX_DAG_ID='weather_pipeline' AIRFLOW_CTX_TASK_ID='run_full_etl' AIRFLOW_CTX_EXECUTION_DATE='2026-03-13T12:03:39.119798+00:00' AIRFLOW_CTX_TRY_NUMBER='1' AIRFLOW_CTX_DAG_RUN_ID='manual__2026-03-13T12:03:39.119798+00:00'
[2026-03-13T12:03:46.808+0000] {logging_mixin.py:151} INFO - 
[Run ID: 20260313_120346] [Time: 2026-03-13 12:03:46] Database connection successfully!
[2026-03-13T12:03:46.823+0000] {logging_mixin.py:151} INFO - 
[Run ID: 20260313_120346] [Time: 2026-03-13 12:03:46] Table metrics is ready
[2026-03-13T12:03:46.824+0000] {logging_mixin.py:151} INFO - 
[Run ID: 20260313_120346] [Time: 2026-03-13 12:03:46] Fetching weather for: johannesburg (Attempt 1)
[2026-03-13T12:03:47.590+0000] {logging_mixin.py:151} INFO - 
[Run ID: 20260313_120346] [Time: 2026-03-13 12:03:47] API Request Successful!
[2026-03-13T12:03:47.594+0000] {logging_mixin.py:151} INFO - 
[Run ID: 20260313_120346] [Time: 2026-03-13 12:03:47] Fatal error in ETL: log_metrics() missing 1 required positional argument: 'runtime_seconds'
[2026-03-13T12:03:47.595+0000] {logging_mixin.py:151} INFO - 
[Run ID: 20260313_120346] [Time: 2026-03-13 12:03:47] Database connection closed
[2026-03-13T12:03:47.595+0000] {taskinstance.py:1937} ERROR - Task failed with exception
Traceback (most recent call last):
  File "/opt/airflow/OpenWeatherAPI/main.py", line 31, in run_etl
    log_metrics(cur, conn, timestamp_file, "extract", len(data_raw), "success", start, end)
TypeError: log_metrics() missing 1 required positional argument: 'runtime_seconds'

During handling of the above exception, another exception occurred:

Traceback (most recent call last):
  File "/home/airflow/.local/lib/python3.8/site-packages/airflow/operators/python.py", line 192, in execute
    return_value = self.execute_callable()
  File "/home/airflow/.local/lib/python3.8/site-packages/airflow/operators/python.py", line 209, in execute_callable
    return self.python_callable(*self.op_args, **self.op_kwargs)
  File "/opt/airflow/OpenWeatherAPI/main.py", line 61, in run_etl
    log_metrics(cur, conn, timestamp_file, "etl", 0, "failed", datetime.now(), datetime.now(), error=str(e))
TypeError: log_metrics() missing 1 required positional argument: 'runtime_seconds'
[2026-03-13T12:03:47.617+0000] {taskinstance.py:1400} INFO - Marking task as FAILED. dag_id=weather_pipeline, task_id=run_full_etl, execution_date=20260313T120339, start_date=20260313T120346, end_date=20260313T120347
[2026-03-13T12:03:47.641+0000] {standard_task_runner.py:104} ERROR - Failed to execute job 42 for task run_full_etl (log_metrics() missing 1 required positional argument: 'runtime_seconds'; 121)
[2026-03-13T12:03:47.667+0000] {local_task_job_runner.py:228} INFO - Task exited with return code 1
[2026-03-13T12:03:47.710+0000] {taskinstance.py:2778} INFO - 0 downstream tasks scheduled from follow-on schedule check
