[2026-03-13T18:45:01.023+0000] {taskinstance.py:1159} INFO - Dependencies all met for dep_context=non-requeueable deps ti=<TaskInstance: weather_pipeline.run_full_etl manual__2026-03-13T18:44:58.334188+00:00 [queued]>
[2026-03-13T18:45:01.027+0000] {taskinstance.py:1159} INFO - Dependencies all met for dep_context=requeueable deps ti=<TaskInstance: weather_pipeline.run_full_etl manual__2026-03-13T18:44:58.334188+00:00 [queued]>
[2026-03-13T18:45:01.027+0000] {taskinstance.py:1361} INFO - Starting attempt 1 of 1
[2026-03-13T18:45:01.035+0000] {taskinstance.py:1382} INFO - Executing <Task(PythonOperator): run_full_etl> on 2026-03-13 18:44:58.334188+00:00
[2026-03-13T18:45:01.041+0000] {standard_task_runner.py:57} INFO - Started process 113 to run task
[2026-03-13T18:45:01.044+0000] {standard_task_runner.py:84} INFO - Running: ['***', 'tasks', 'run', 'weather_pipeline', 'run_full_etl', 'manual__2026-03-13T18:44:58.334188+00:00', '--job-id', '70', '--raw', '--subdir', 'DAGS_FOLDER/weather_dags.py', '--cfg-path', '/tmp/tmp41x3j196']
[2026-03-13T18:45:01.045+0000] {standard_task_runner.py:85} INFO - Job 70: Subtask run_full_etl
[2026-03-13T18:45:01.056+0000] {logging_mixin.py:151} WARNING - /home/***/.local/lib/python3.8/site-packages/***/settings.py:193 DeprecationWarning: The sql_alchemy_conn option in [core] has been moved to the sql_alchemy_conn option in [database] - the old setting has been used, but please update your config.
[2026-03-13T18:45:01.080+0000] {task_command.py:416} INFO - Running <TaskInstance: weather_pipeline.run_full_etl manual__2026-03-13T18:44:58.334188+00:00 [running]> on host b0374bb45e66
[2026-03-13T18:45:01.136+0000] {taskinstance.py:1662} INFO - Exporting env vars: AIRFLOW_CTX_DAG_OWNER='mnelisi' AIRFLOW_CTX_DAG_ID='weather_pipeline' AIRFLOW_CTX_TASK_ID='run_full_etl' AIRFLOW_CTX_EXECUTION_DATE='2026-03-13T18:44:58.334188+00:00' AIRFLOW_CTX_TRY_NUMBER='1' AIRFLOW_CTX_DAG_RUN_ID='manual__2026-03-13T18:44:58.334188+00:00'
[2026-03-13T18:45:01.140+0000] {logging_mixin.py:151} INFO - 
[Run ID: 20260313_184501] [Time: 2026-03-13 18:45:01] Database connection successfully!
[2026-03-13T18:45:01.141+0000] {logging_mixin.py:151} INFO - 
[Run ID: 20260313_184501] [Time: 2026-03-13 18:45:01] Table metrics is ready
[2026-03-13T18:45:01.141+0000] {logging_mixin.py:151} INFO - 
[Run ID: 20260313_184501] [Time: 2026-03-13 18:45:01] Fetching weather for: johannesburg (Attempt 1)
[2026-03-13T18:45:01.859+0000] {logging_mixin.py:151} INFO - 
[Run ID: 20260313_184501] [Time: 2026-03-13 18:45:01] API Request Successful!
[2026-03-13T18:45:01.867+0000] {logging_mixin.py:151} INFO - 
[Run ID: 2026-03-13 18:45:01] [Time: 2026-03-13 18:45:01] Data for metrics successfully inserted pipeline_metrics
[2026-03-13T18:45:01.868+0000] {logging_mixin.py:151} INFO - 
[Run ID: 20260313_184501] [Time: 2026-03-13 18:45:01] Raw data saved Generated: data/raw/weather_report_20260313_184501.json
[2026-03-13T18:45:01.877+0000] {logging_mixin.py:151} INFO - 
[Run ID: 20260313_184501] [Time: 2026-03-13 18:45:01] CSV file created: reports/csv/weather_20260313_184501.csv
[2026-03-13T18:45:01.877+0000] {logging_mixin.py:151} INFO - 
[Run ID: 20260313_184501] [Time: 2026-03-13 18:45:01] Data validation passed
[2026-03-13T18:45:01.878+0000] {logging_mixin.py:151} INFO - 
[Run ID: 2026-03-13 18:45:01] [Time: 2026-03-13 18:45:01] Data for metrics successfully inserted pipeline_metrics
[2026-03-13T18:45:01.879+0000] {logging_mixin.py:151} INFO - 
[Run ID: 20260313_184501] [Time: 2026-03-13 18:45:01] Table 'weatherdata' is ready
[2026-03-13T18:45:01.879+0000] {logging_mixin.py:151} INFO - 
[Run ID: 20260313_184501] [Time: 2026-03-13 18:45:01] Data not inserted in DB: 'Timestamp'
[2026-03-13T18:45:01.879+0000] {logging_mixin.py:151} INFO - 
[Run ID: 20260313_184501] [Time: 2026-03-13 18:45:01] Fatal error in ETL: 'Timestamp'
[2026-03-13T18:45:01.880+0000] {logging_mixin.py:151} INFO - 
[Run ID: 2026-03-13 18:45:01] [Time: 2026-03-13 18:45:01] Data for metrics successfully inserted pipeline_metrics
[2026-03-13T18:45:01.880+0000] {logging_mixin.py:151} INFO - 
[Run ID: 20260313_184501] [Time: 2026-03-13 18:45:01] Database connection closed
[2026-03-13T18:45:01.880+0000] {python.py:194} INFO - Done. Returned value was: None
[2026-03-13T18:45:01.888+0000] {taskinstance.py:1400} INFO - Marking task as SUCCESS. dag_id=weather_pipeline, task_id=run_full_etl, execution_date=20260313T184458, start_date=20260313T184501, end_date=20260313T184501
[2026-03-13T18:45:01.940+0000] {local_task_job_runner.py:228} INFO - Task exited with return code 0
[2026-03-13T18:45:01.958+0000] {taskinstance.py:2778} INFO - 0 downstream tasks scheduled from follow-on schedule check
