[2026-03-11T12:29:45.862+0000] {taskinstance.py:1159} INFO - Dependencies all met for dep_context=non-requeueable deps ti=<TaskInstance: weather_pipeline.run_full_etl manual__2026-03-11T12:29:39.726400+00:00 [queued]>
[2026-03-11T12:29:45.868+0000] {taskinstance.py:1159} INFO - Dependencies all met for dep_context=requeueable deps ti=<TaskInstance: weather_pipeline.run_full_etl manual__2026-03-11T12:29:39.726400+00:00 [queued]>
[2026-03-11T12:29:45.868+0000] {taskinstance.py:1361} INFO - Starting attempt 1 of 1
[2026-03-11T12:29:45.878+0000] {taskinstance.py:1382} INFO - Executing <Task(PythonOperator): run_full_etl> on 2026-03-11 12:29:39.726400+00:00
[2026-03-11T12:29:45.885+0000] {standard_task_runner.py:57} INFO - Started process 177 to run task
[2026-03-11T12:29:45.888+0000] {standard_task_runner.py:84} INFO - Running: ['***', 'tasks', 'run', 'weather_pipeline', 'run_full_etl', 'manual__2026-03-11T12:29:39.726400+00:00', '--job-id', '20', '--raw', '--subdir', 'DAGS_FOLDER/weather_dags.py', '--cfg-path', '/tmp/tmpvrvcnmfw']
[2026-03-11T12:29:45.890+0000] {standard_task_runner.py:85} INFO - Job 20: Subtask run_full_etl
[2026-03-11T12:29:45.906+0000] {logging_mixin.py:151} WARNING - /home/***/.local/lib/python3.8/site-packages/***/settings.py:193 DeprecationWarning: The sql_alchemy_conn option in [core] has been moved to the sql_alchemy_conn option in [database] - the old setting has been used, but please update your config.
[2026-03-11T12:29:45.938+0000] {task_command.py:416} INFO - Running <TaskInstance: weather_pipeline.run_full_etl manual__2026-03-11T12:29:39.726400+00:00 [running]> on host 7af6ea510c49
[2026-03-11T12:29:46.020+0000] {taskinstance.py:1662} INFO - Exporting env vars: AIRFLOW_CTX_DAG_OWNER='mnelisi' AIRFLOW_CTX_DAG_ID='weather_pipeline' AIRFLOW_CTX_TASK_ID='run_full_etl' AIRFLOW_CTX_EXECUTION_DATE='2026-03-11T12:29:39.726400+00:00' AIRFLOW_CTX_TRY_NUMBER='1' AIRFLOW_CTX_DAG_RUN_ID='manual__2026-03-11T12:29:39.726400+00:00'
[2026-03-11T12:29:46.021+0000] {logging_mixin.py:151} INFO - 
[Run ID: 20260311_122946] [Time: 2026-03-11 12:29:46] Fetching weather for: johannesburg (Attempt 1)
[2026-03-11T12:29:46.770+0000] {logging_mixin.py:151} INFO - 
[Run ID: 20260311_122946] [Time: 2026-03-11 12:29:46] API Request Successful!
[2026-03-11T12:29:46.772+0000] {logging_mixin.py:151} INFO - 
[Run ID: 20260311_122946] [Time: 2026-03-11 12:29:46] Raw data saved Generated: data/raw/weather_report_20260311_122946.json
[2026-03-11T12:29:46.780+0000] {logging_mixin.py:151} INFO - 
[Run ID: 20260311_122946] [Time: 2026-03-11 12:29:46] CSV file created: reports/csv/weather_20260311_122946.csv
[2026-03-11T12:29:46.787+0000] {logging_mixin.py:151} INFO - 
[Run ID: 20260311_122946] [Time: 2026-03-11 12:29:46] Database connection successfully!
[2026-03-11T12:29:46.788+0000] {logging_mixin.py:151} INFO - 
[Run ID: 20260311_122946] [Time: 2026-03-11 12:29:46] Table 'weatherdata' is ready
[2026-03-11T12:29:46.791+0000] {logging_mixin.py:151} INFO - 
[Run ID: 20260311_122946] [Time: 2026-03-11 12:29:46] Data for Johannesburg successfully inserted to: weatherdata
[2026-03-11T12:29:46.792+0000] {logging_mixin.py:151} INFO - 
[Run ID: 20260311_122946] [Time: 2026-03-11 12:29:46] PDF Report Generated: reports/pdf/weather_report_20260311_122946.pdf
[2026-03-11T12:29:46.792+0000] {logging_mixin.py:151} INFO - 
[Run ID: 20260311_122946] [Time: 2026-03-11 12:29:46] ETL run successfuly completed
[2026-03-11T12:29:46.793+0000] {logging_mixin.py:151} INFO - 
[Run ID: 20260311_122946] [Time: 2026-03-11 12:29:46] Database connection closed
[2026-03-11T12:29:46.793+0000] {python.py:194} INFO - Done. Returned value was: None
[2026-03-11T12:29:46.807+0000] {taskinstance.py:1400} INFO - Marking task as SUCCESS. dag_id=weather_pipeline, task_id=run_full_etl, execution_date=20260311T122939, start_date=20260311T122945, end_date=20260311T122946
[2026-03-11T12:29:46.865+0000] {local_task_job_runner.py:228} INFO - Task exited with return code 0
[2026-03-11T12:29:46.892+0000] {taskinstance.py:2778} INFO - 0 downstream tasks scheduled from follow-on schedule check
