[2026-03-13T10:59:28.882+0000] {taskinstance.py:1159} INFO - Dependencies all met for dep_context=non-requeueable deps ti=<TaskInstance: weather_pipeline.run_full_etl manual__2026-03-13T10:59:26.430077+00:00 [queued]>
[2026-03-13T10:59:28.886+0000] {taskinstance.py:1159} INFO - Dependencies all met for dep_context=requeueable deps ti=<TaskInstance: weather_pipeline.run_full_etl manual__2026-03-13T10:59:26.430077+00:00 [queued]>
[2026-03-13T10:59:28.886+0000] {taskinstance.py:1361} INFO - Starting attempt 1 of 1
[2026-03-13T10:59:28.893+0000] {taskinstance.py:1382} INFO - Executing <Task(PythonOperator): run_full_etl> on 2026-03-13 10:59:26.430077+00:00
[2026-03-13T10:59:28.898+0000] {standard_task_runner.py:57} INFO - Started process 578 to run task
[2026-03-13T10:59:28.900+0000] {standard_task_runner.py:84} INFO - Running: ['***', 'tasks', 'run', 'weather_pipeline', 'run_full_etl', 'manual__2026-03-13T10:59:26.430077+00:00', '--job-id', '33', '--raw', '--subdir', 'DAGS_FOLDER/weather_dags.py', '--cfg-path', '/tmp/tmp9opbuik_']
[2026-03-13T10:59:28.901+0000] {standard_task_runner.py:85} INFO - Job 33: Subtask run_full_etl
[2026-03-13T10:59:28.912+0000] {logging_mixin.py:151} WARNING - /home/***/.local/lib/python3.8/site-packages/***/settings.py:193 DeprecationWarning: The sql_alchemy_conn option in [core] has been moved to the sql_alchemy_conn option in [database] - the old setting has been used, but please update your config.
[2026-03-13T10:59:28.935+0000] {task_command.py:416} INFO - Running <TaskInstance: weather_pipeline.run_full_etl manual__2026-03-13T10:59:26.430077+00:00 [running]> on host 4d8ae4b9bb8e
[2026-03-13T10:59:28.991+0000] {taskinstance.py:1662} INFO - Exporting env vars: AIRFLOW_CTX_DAG_OWNER='mnelisi' AIRFLOW_CTX_DAG_ID='weather_pipeline' AIRFLOW_CTX_TASK_ID='run_full_etl' AIRFLOW_CTX_EXECUTION_DATE='2026-03-13T10:59:26.430077+00:00' AIRFLOW_CTX_TRY_NUMBER='1' AIRFLOW_CTX_DAG_RUN_ID='manual__2026-03-13T10:59:26.430077+00:00'
[2026-03-13T10:59:28.996+0000] {logging_mixin.py:151} INFO - 
[Run ID: 20260313_105928] [Time: 2026-03-13 10:59:28] Database connection successfully!
[2026-03-13T10:59:28.997+0000] {logging_mixin.py:151} INFO - 
[Run ID: 20260313_105928] [Time: 2026-03-13 10:59:28] Fatal error in ETL: create_metrics_table() takes 2 positional arguments but 3 were given
[2026-03-13T10:59:28.998+0000] {logging_mixin.py:151} INFO - 
[Run ID: 2026-03-13 10:59:28] [Time: 2026-03-13 10:59:28] Metrics logging failed: relation "pipeline_metrics" does not exist
LINE 2:         INSERT INTO pipeline_metrics (
                            ^
[2026-03-13T10:59:28.998+0000] {logging_mixin.py:151} INFO - 
[Run ID: 20260313_105928] [Time: 2026-03-13 10:59:28] Database connection closed
[2026-03-13T10:59:28.998+0000] {python.py:194} INFO - Done. Returned value was: None
[2026-03-13T10:59:29.006+0000] {taskinstance.py:1400} INFO - Marking task as SUCCESS. dag_id=weather_pipeline, task_id=run_full_etl, execution_date=20260313T105926, start_date=20260313T105928, end_date=20260313T105929
[2026-03-13T10:59:29.032+0000] {local_task_job_runner.py:228} INFO - Task exited with return code 0
[2026-03-13T10:59:29.048+0000] {taskinstance.py:2778} INFO - 0 downstream tasks scheduled from follow-on schedule check
