[2026-03-13T18:11:10.650+0000] {taskinstance.py:1159} INFO - Dependencies all met for dep_context=non-requeueable deps ti=<TaskInstance: weather_pipeline.run_full_etl manual__2026-03-13T18:11:04.197669+00:00 [queued]>
[2026-03-13T18:11:10.664+0000] {taskinstance.py:1159} INFO - Dependencies all met for dep_context=requeueable deps ti=<TaskInstance: weather_pipeline.run_full_etl manual__2026-03-13T18:11:04.197669+00:00 [queued]>
[2026-03-13T18:11:10.664+0000] {taskinstance.py:1361} INFO - Starting attempt 1 of 1
[2026-03-13T18:11:10.687+0000] {taskinstance.py:1382} INFO - Executing <Task(PythonOperator): run_full_etl> on 2026-03-13 18:11:04.197669+00:00
[2026-03-13T18:11:10.699+0000] {standard_task_runner.py:57} INFO - Started process 119 to run task
[2026-03-13T18:11:10.705+0000] {standard_task_runner.py:84} INFO - Running: ['***', 'tasks', 'run', 'weather_pipeline', 'run_full_etl', 'manual__2026-03-13T18:11:04.197669+00:00', '--job-id', '65', '--raw', '--subdir', 'DAGS_FOLDER/weather_dags.py', '--cfg-path', '/tmp/tmpvu1sdev2']
[2026-03-13T18:11:10.708+0000] {standard_task_runner.py:85} INFO - Job 65: Subtask run_full_etl
[2026-03-13T18:11:10.741+0000] {logging_mixin.py:151} WARNING - /home/***/.local/lib/python3.8/site-packages/***/settings.py:193 DeprecationWarning: The sql_alchemy_conn option in [core] has been moved to the sql_alchemy_conn option in [database] - the old setting has been used, but please update your config.
[2026-03-13T18:11:10.808+0000] {task_command.py:416} INFO - Running <TaskInstance: weather_pipeline.run_full_etl manual__2026-03-13T18:11:04.197669+00:00 [running]> on host 74f87302c49d
[2026-03-13T18:11:10.971+0000] {taskinstance.py:1662} INFO - Exporting env vars: AIRFLOW_CTX_DAG_OWNER='mnelisi' AIRFLOW_CTX_DAG_ID='weather_pipeline' AIRFLOW_CTX_TASK_ID='run_full_etl' AIRFLOW_CTX_EXECUTION_DATE='2026-03-13T18:11:04.197669+00:00' AIRFLOW_CTX_TRY_NUMBER='1' AIRFLOW_CTX_DAG_RUN_ID='manual__2026-03-13T18:11:04.197669+00:00'
[2026-03-13T18:11:10.984+0000] {logging_mixin.py:151} INFO - 
[Run ID: 20260313_181110] [Time: 2026-03-13 18:11:10] Database connection successfully!
[2026-03-13T18:11:10.987+0000] {logging_mixin.py:151} INFO - 
[Run ID: 20260313_181110] [Time: 2026-03-13 18:11:10] Table metrics is ready
[2026-03-13T18:11:10.987+0000] {logging_mixin.py:151} INFO - 
[Run ID: 20260313_181110] [Time: 2026-03-13 18:11:10] Fetching weather for: johannesburg (Attempt 1)
[2026-03-13T18:11:11.762+0000] {logging_mixin.py:151} INFO - 
[Run ID: 20260313_181110] [Time: 2026-03-13 18:11:11] API Request Successful!
[2026-03-13T18:11:11.770+0000] {logging_mixin.py:151} INFO - 
[Run ID: 2026-03-13 18:11:11] [Time: 2026-03-13 18:11:11] Data for metrics successfully inserted pipeline_metrics
[2026-03-13T18:11:11.772+0000] {logging_mixin.py:151} INFO - 
[Run ID: 20260313_181110] [Time: 2026-03-13 18:11:11] Raw data saved Generated: data/raw/weather_report_20260313_181110.json
[2026-03-13T18:11:11.789+0000] {logging_mixin.py:151} INFO - 
[Run ID: 20260313_181110] [Time: 2026-03-13 18:11:11] CSV file created: reports/csv/weather_20260313_181110.csv
[2026-03-13T18:11:11.791+0000] {logging_mixin.py:151} INFO - 
[Run ID: 20260313_181110] [Time: 2026-03-13 18:11:11] Data validation passed
[2026-03-13T18:11:11.795+0000] {logging_mixin.py:151} INFO - 
[Run ID: 2026-03-13 18:11:11] [Time: 2026-03-13 18:11:11] Data for metrics successfully inserted pipeline_metrics
[2026-03-13T18:11:11.797+0000] {logging_mixin.py:151} INFO - 
[Run ID: 20260313_181110] [Time: 2026-03-13 18:11:11] Table 'weatherdata' is ready
[2026-03-13T18:11:11.798+0000] {logging_mixin.py:151} INFO - 
[Run ID: 20260313_181110] [Time: 2026-03-13 18:11:11] Data not inserted in DB: 'Timestamp'
[2026-03-13T18:11:11.801+0000] {logging_mixin.py:151} INFO - 
[Run ID: 2026-03-13 18:11:11] [Time: 2026-03-13 18:11:11] Data for metrics successfully inserted pipeline_metrics
[2026-03-13T18:11:11.812+0000] {logging_mixin.py:151} INFO - 
[Run ID: 20260313_181110] [Time: 2026-03-13 18:11:11] PDF Report Generated: reports/pdf/weather_report_20260313_181110.pdf
[2026-03-13T18:11:11.815+0000] {logging_mixin.py:151} INFO - 
[Run ID: 2026-03-13 18:11:11] [Time: 2026-03-13 18:11:11] Data for metrics successfully inserted pipeline_metrics
[2026-03-13T18:11:11.816+0000] {logging_mixin.py:151} INFO - 
[Run ID: 20260313_181110] [Time: 2026-03-13 18:11:11] ETL run successfuly completed
[2026-03-13T18:11:11.816+0000] {logging_mixin.py:151} INFO - 
[Run ID: 20260313_181110] [Time: 2026-03-13 18:11:11] Database connection closed
[2026-03-13T18:11:11.817+0000] {python.py:194} INFO - Done. Returned value was: None
[2026-03-13T18:11:11.842+0000] {taskinstance.py:1400} INFO - Marking task as SUCCESS. dag_id=weather_pipeline, task_id=run_full_etl, execution_date=20260313T181104, start_date=20260313T181110, end_date=20260313T181111
[2026-03-13T18:11:11.883+0000] {local_task_job_runner.py:228} INFO - Task exited with return code 0
[2026-03-13T18:11:11.925+0000] {taskinstance.py:2778} INFO - 0 downstream tasks scheduled from follow-on schedule check
