[2026-03-13T08:53:13.134+0000] {taskinstance.py:1159} INFO - Dependencies all met for dep_context=non-requeueable deps ti=<TaskInstance: weather_pipeline.run_full_etl scheduled__2026-03-12T00:00:00+00:00 [queued]>
[2026-03-13T08:53:13.140+0000] {taskinstance.py:1159} INFO - Dependencies all met for dep_context=requeueable deps ti=<TaskInstance: weather_pipeline.run_full_etl scheduled__2026-03-12T00:00:00+00:00 [queued]>
[2026-03-13T08:53:13.140+0000] {taskinstance.py:1361} INFO - Starting attempt 1 of 1
[2026-03-13T08:53:13.151+0000] {taskinstance.py:1382} INFO - Executing <Task(PythonOperator): run_full_etl> on 2026-03-12 00:00:00+00:00
[2026-03-13T08:53:13.157+0000] {standard_task_runner.py:57} INFO - Started process 114 to run task
[2026-03-13T08:53:13.159+0000] {standard_task_runner.py:84} INFO - Running: ['***', 'tasks', 'run', 'weather_pipeline', 'run_full_etl', 'scheduled__2026-03-12T00:00:00+00:00', '--job-id', '24', '--raw', '--subdir', 'DAGS_FOLDER/weather_dags.py', '--cfg-path', '/tmp/tmpa2bpbdh8']
[2026-03-13T08:53:13.161+0000] {standard_task_runner.py:85} INFO - Job 24: Subtask run_full_etl
[2026-03-13T08:53:13.177+0000] {logging_mixin.py:151} WARNING - /home/***/.local/lib/python3.8/site-packages/***/settings.py:193 DeprecationWarning: The sql_alchemy_conn option in [core] has been moved to the sql_alchemy_conn option in [database] - the old setting has been used, but please update your config.
[2026-03-13T08:53:13.211+0000] {task_command.py:416} INFO - Running <TaskInstance: weather_pipeline.run_full_etl scheduled__2026-03-12T00:00:00+00:00 [running]> on host bdcf3f322b84
[2026-03-13T08:53:13.310+0000] {taskinstance.py:1662} INFO - Exporting env vars: AIRFLOW_CTX_DAG_OWNER='mnelisi' AIRFLOW_CTX_DAG_ID='weather_pipeline' AIRFLOW_CTX_TASK_ID='run_full_etl' AIRFLOW_CTX_EXECUTION_DATE='2026-03-12T00:00:00+00:00' AIRFLOW_CTX_TRY_NUMBER='1' AIRFLOW_CTX_DAG_RUN_ID='scheduled__2026-03-12T00:00:00+00:00'
[2026-03-13T08:53:13.312+0000] {logging_mixin.py:151} INFO - 
[Run ID: 20260313_085313] [Time: 2026-03-13 08:53:13] Fetching weather for: johannesburg (Attempt 1)
[2026-03-13T08:53:14.027+0000] {logging_mixin.py:151} INFO - 
[Run ID: 20260313_085313] [Time: 2026-03-13 08:53:14] API Request Successful!
[2026-03-13T08:53:14.029+0000] {logging_mixin.py:151} INFO - 
[Run ID: 20260313_085313] [Time: 2026-03-13 08:53:14] Raw data saved Generated: data/raw/weather_report_20260313_085313.json
[2026-03-13T08:53:14.036+0000] {logging_mixin.py:151} INFO - 
[Run ID: 20260313_085313] [Time: 2026-03-13 08:53:14] CSV file created: reports/csv/weather_20260313_085313.csv
[2026-03-13T08:53:14.042+0000] {logging_mixin.py:151} INFO - 
[Run ID: 20260313_085313] [Time: 2026-03-13 08:53:14] Database connection successfully!
[2026-03-13T08:53:14.043+0000] {logging_mixin.py:151} INFO - 
[Run ID: 20260313_085313] [Time: 2026-03-13 08:53:14] Table 'weatherdata' is ready
[2026-03-13T08:53:14.046+0000] {logging_mixin.py:151} INFO - 
[Run ID: 20260313_085313] [Time: 2026-03-13 08:53:14] Data for Johannesburg successfully inserted to: weatherdata
[2026-03-13T08:53:14.047+0000] {logging_mixin.py:151} INFO - 
[Run ID: 20260313_085313] [Time: 2026-03-13 08:53:14] PDF Report Generated: reports/pdf/weather_report_20260313_085313.pdf
[2026-03-13T08:53:14.047+0000] {logging_mixin.py:151} INFO - 
[Run ID: 20260313_085313] [Time: 2026-03-13 08:53:14] ETL run successfuly completed
[2026-03-13T08:53:14.047+0000] {logging_mixin.py:151} INFO - 
[Run ID: 20260313_085313] [Time: 2026-03-13 08:53:14] Database connection closed
[2026-03-13T08:53:14.048+0000] {python.py:194} INFO - Done. Returned value was: None
[2026-03-13T08:53:14.057+0000] {taskinstance.py:1400} INFO - Marking task as SUCCESS. dag_id=weather_pipeline, task_id=run_full_etl, execution_date=20260312T000000, start_date=20260313T085313, end_date=20260313T085314
[2026-03-13T08:53:14.093+0000] {local_task_job_runner.py:228} INFO - Task exited with return code 0
[2026-03-13T08:53:14.111+0000] {taskinstance.py:2778} INFO - 0 downstream tasks scheduled from follow-on schedule check
