[2026-03-13T17:25:19.815+0000] {taskinstance.py:1159} INFO - Dependencies all met for dep_context=non-requeueable deps ti=<TaskInstance: weather_pipeline.run_full_etl manual__2026-03-13T17:25:13.510164+00:00 [queued]>
[2026-03-13T17:25:19.829+0000] {taskinstance.py:1159} INFO - Dependencies all met for dep_context=requeueable deps ti=<TaskInstance: weather_pipeline.run_full_etl manual__2026-03-13T17:25:13.510164+00:00 [queued]>
[2026-03-13T17:25:19.829+0000] {taskinstance.py:1361} INFO - Starting attempt 1 of 1
[2026-03-13T17:25:19.848+0000] {taskinstance.py:1382} INFO - Executing <Task(PythonOperator): run_full_etl> on 2026-03-13 17:25:13.510164+00:00
[2026-03-13T17:25:19.860+0000] {standard_task_runner.py:57} INFO - Started process 119 to run task
[2026-03-13T17:25:19.867+0000] {standard_task_runner.py:84} INFO - Running: ['***', 'tasks', 'run', 'weather_pipeline', 'run_full_etl', 'manual__2026-03-13T17:25:13.510164+00:00', '--job-id', '57', '--raw', '--subdir', 'DAGS_FOLDER/weather_dags.py', '--cfg-path', '/tmp/tmpr76ql5h_']
[2026-03-13T17:25:19.870+0000] {standard_task_runner.py:85} INFO - Job 57: Subtask run_full_etl
[2026-03-13T17:25:19.904+0000] {logging_mixin.py:151} WARNING - /home/***/.local/lib/python3.8/site-packages/***/settings.py:193 DeprecationWarning: The sql_alchemy_conn option in [core] has been moved to the sql_alchemy_conn option in [database] - the old setting has been used, but please update your config.
[2026-03-13T17:25:19.969+0000] {task_command.py:416} INFO - Running <TaskInstance: weather_pipeline.run_full_etl manual__2026-03-13T17:25:13.510164+00:00 [running]> on host 50f1b4610cdb
[2026-03-13T17:25:20.127+0000] {taskinstance.py:1662} INFO - Exporting env vars: AIRFLOW_CTX_DAG_OWNER='mnelisi' AIRFLOW_CTX_DAG_ID='weather_pipeline' AIRFLOW_CTX_TASK_ID='run_full_etl' AIRFLOW_CTX_EXECUTION_DATE='2026-03-13T17:25:13.510164+00:00' AIRFLOW_CTX_TRY_NUMBER='1' AIRFLOW_CTX_DAG_RUN_ID='manual__2026-03-13T17:25:13.510164+00:00'
[2026-03-13T17:25:20.141+0000] {logging_mixin.py:151} INFO - 
[Run ID: 20260313_172520] [Time: 2026-03-13 17:25:20] Database connection successfully!
[2026-03-13T17:25:20.144+0000] {logging_mixin.py:151} INFO - 
[Run ID: 20260313_172520] [Time: 2026-03-13 17:25:20] Table metrics is ready
[2026-03-13T17:25:20.144+0000] {logging_mixin.py:151} INFO - 
[Run ID: 20260313_172520] [Time: 2026-03-13 17:25:20] Fetching weather for: johannesburg (Attempt 1)
[2026-03-13T17:25:20.892+0000] {logging_mixin.py:151} INFO - 
[Run ID: 20260313_172520] [Time: 2026-03-13 17:25:20] API Request Successful!
[2026-03-13T17:25:20.901+0000] {logging_mixin.py:151} INFO - 
[Run ID: 2026-03-13 17:25:20] [Time: 2026-03-13 17:25:20] Data for metrics successfully inserted pipeline_metrics
[2026-03-13T17:25:20.902+0000] {logging_mixin.py:151} INFO - 
[Run ID: 20260313_172520] [Time: 2026-03-13 17:25:20] Raw data saved Generated: data/raw/weather_report_20260313_172520.json
[2026-03-13T17:25:20.920+0000] {logging_mixin.py:151} INFO - 
[Run ID: 20260313_172520] [Time: 2026-03-13 17:25:20] CSV file created: reports/csv/weather_20260313_172520.csv
[2026-03-13T17:25:20.922+0000] {logging_mixin.py:151} INFO - 
[Run ID: 20260313_172520] [Time: 2026-03-13 17:25:20] Fatal error in ETL: validate_weather_data() got an unexpected keyword argument 'run_id'
[2026-03-13T17:25:20.925+0000] {logging_mixin.py:151} INFO - 
[Run ID: 2026-03-13 17:25:20] [Time: 2026-03-13 17:25:20] Data for metrics successfully inserted pipeline_metrics
[2026-03-13T17:25:20.926+0000] {logging_mixin.py:151} INFO - 
[Run ID: 20260313_172520] [Time: 2026-03-13 17:25:20] Database connection closed
[2026-03-13T17:25:20.927+0000] {python.py:194} INFO - Done. Returned value was: None
[2026-03-13T17:25:20.949+0000] {taskinstance.py:1400} INFO - Marking task as SUCCESS. dag_id=weather_pipeline, task_id=run_full_etl, execution_date=20260313T172513, start_date=20260313T172519, end_date=20260313T172520
[2026-03-13T17:25:21.005+0000] {local_task_job_runner.py:228} INFO - Task exited with return code 0
[2026-03-13T17:25:21.047+0000] {taskinstance.py:2778} INFO - 0 downstream tasks scheduled from follow-on schedule check
