[2026-03-15T00:00:04.195+0000] {taskinstance.py:1159} INFO - Dependencies all met for dep_context=non-requeueable deps ti=<TaskInstance: weather_pipeline.run_full_etl scheduled__2026-03-14T00:00:00+00:00 [queued]>
[2026-03-15T00:00:04.204+0000] {taskinstance.py:1159} INFO - Dependencies all met for dep_context=requeueable deps ti=<TaskInstance: weather_pipeline.run_full_etl scheduled__2026-03-14T00:00:00+00:00 [queued]>
[2026-03-15T00:00:04.204+0000] {taskinstance.py:1361} INFO - Starting attempt 1 of 1
[2026-03-15T00:00:04.216+0000] {taskinstance.py:1382} INFO - Executing <Task(PythonOperator): run_full_etl> on 2026-03-14 00:00:00+00:00
[2026-03-15T00:00:04.224+0000] {standard_task_runner.py:57} INFO - Started process 108 to run task
[2026-03-15T00:00:04.227+0000] {standard_task_runner.py:84} INFO - Running: ['***', 'tasks', 'run', 'weather_pipeline', 'run_full_etl', 'scheduled__2026-03-14T00:00:00+00:00', '--job-id', '87', '--raw', '--subdir', 'DAGS_FOLDER/weather_dags.py', '--cfg-path', '/tmp/tmp75__5xf1']
[2026-03-15T00:00:04.229+0000] {standard_task_runner.py:85} INFO - Job 87: Subtask run_full_etl
[2026-03-15T00:00:04.247+0000] {logging_mixin.py:151} WARNING - /home/***/.local/lib/python3.8/site-packages/***/settings.py:193 DeprecationWarning: The sql_alchemy_conn option in [core] has been moved to the sql_alchemy_conn option in [database] - the old setting has been used, but please update your config.
[2026-03-15T00:00:04.294+0000] {task_command.py:416} INFO - Running <TaskInstance: weather_pipeline.run_full_etl scheduled__2026-03-14T00:00:00+00:00 [running]> on host 67091bd1647e
[2026-03-15T00:00:04.398+0000] {taskinstance.py:1662} INFO - Exporting env vars: AIRFLOW_CTX_DAG_OWNER='mnelisi' AIRFLOW_CTX_DAG_ID='weather_pipeline' AIRFLOW_CTX_TASK_ID='run_full_etl' AIRFLOW_CTX_EXECUTION_DATE='2026-03-14T00:00:00+00:00' AIRFLOW_CTX_TRY_NUMBER='1' AIRFLOW_CTX_DAG_RUN_ID='scheduled__2026-03-14T00:00:00+00:00'
[2026-03-15T00:00:04.409+0000] {logging_mixin.py:151} INFO - 
[Run ID: 20260315_000004] [Time: 2026-03-15 00:00:04] Database connection successfully!
[2026-03-15T00:00:04.411+0000] {logging_mixin.py:151} INFO - 
[Run ID: 20260315_000004] [Time: 2026-03-15 00:00:04] Table metrics is ready
[2026-03-15T00:00:04.411+0000] {logging_mixin.py:151} INFO - 
[Run ID: 20260315_000004] [Time: 2026-03-15 00:00:04] Fetching weather for: johannesburg (Attempt 1)
[2026-03-15T00:00:05.131+0000] {logging_mixin.py:151} INFO - 
[Run ID: 20260315_000004] [Time: 2026-03-15 00:00:05] API Request Successful johannesburg
[2026-03-15T00:00:05.131+0000] {logging_mixin.py:151} INFO - 
[Run ID: 20260315_000004] [Time: 2026-03-15 00:00:05] Fetching weather for: capetown (Attempt 1)
[2026-03-15T00:00:05.793+0000] {logging_mixin.py:151} INFO - 
[Run ID: 20260315_000004] [Time: 2026-03-15 00:00:05] HTTP error for capetown: 404 Client Error: Not Found for url: https://api.openweathermap.org/data/2.5/weather?q=capetown&appid=210fdd948a660e93fb8d292e45c3fb6b&units=metric (City may be wrong or API key invalid)
[2026-03-15T00:00:05.793+0000] {logging_mixin.py:151} INFO - 
[Run ID: 20260315_000004] [Time: 2026-03-15 00:00:05] Fetching weather for: durban (Attempt 1)
[2026-03-15T00:00:06.465+0000] {logging_mixin.py:151} INFO - 
[Run ID: 20260315_000004] [Time: 2026-03-15 00:00:06] API Request Successful durban
[2026-03-15T00:00:06.466+0000] {logging_mixin.py:151} INFO - 
[Run ID: 20260315_000004] [Time: 2026-03-15 00:00:06] Fetching weather for: pretoria (Attempt 1)
[2026-03-15T00:00:07.107+0000] {logging_mixin.py:151} INFO - 
[Run ID: 20260315_000004] [Time: 2026-03-15 00:00:07] API Request Successful pretoria
[2026-03-15T00:00:07.111+0000] {logging_mixin.py:151} INFO - 
[Run ID: 2026-03-15 00:00:07] [Time: 2026-03-15 00:00:07] Data for metrics successfully inserted pipeline_metrics
[2026-03-15T00:00:07.111+0000] {logging_mixin.py:151} INFO - 
[Run ID: 20260315_000004] [Time: 2026-03-15 00:00:07] Raw data saved Generated: data/raw/weather_report_20260315_000004.json
[2026-03-15T00:00:07.119+0000] {logging_mixin.py:151} INFO - 
[Run ID: 20260315_000004] [Time: 2026-03-15 00:00:07] CSV file created: reports/csv/weather_20260315_000004.csv
[2026-03-15T00:00:07.120+0000] {logging_mixin.py:151} INFO - 
[Run ID: 20260315_000004] [Time: 2026-03-15 00:00:07] Data validation passed
[2026-03-15T00:00:07.121+0000] {logging_mixin.py:151} INFO - 
[Run ID: 2026-03-15 00:00:07] [Time: 2026-03-15 00:00:07] Data for metrics successfully inserted pipeline_metrics
[2026-03-15T00:00:07.122+0000] {logging_mixin.py:151} INFO - 
[Run ID: 20260315_000004] [Time: 2026-03-15 00:00:07] Table 'weatherdata' is ready
[2026-03-15T00:00:07.123+0000] {logging_mixin.py:151} INFO - 
[Run ID: 20260315_000004] [Time: 2026-03-15 00:00:07] Data not inserted in DB: to_datetime() got an unexpected keyword argument 'ts'
[2026-03-15T00:00:07.123+0000] {logging_mixin.py:151} INFO - 
[Run ID: 20260315_000004] [Time: 2026-03-15 00:00:07] Fatal error in ETL: to_datetime() got an unexpected keyword argument 'ts'
[2026-03-15T00:00:07.124+0000] {logging_mixin.py:151} INFO - 
[Run ID: 2026-03-15 00:00:07] [Time: 2026-03-15 00:00:07] Data for metrics successfully inserted pipeline_metrics
[2026-03-15T00:00:07.124+0000] {logging_mixin.py:151} INFO - 
[Run ID: 20260315_000004] [Time: 2026-03-15 00:00:07] Database connection closed
[2026-03-15T00:00:07.124+0000] {python.py:194} INFO - Done. Returned value was: None
[2026-03-15T00:00:07.134+0000] {taskinstance.py:1400} INFO - Marking task as SUCCESS. dag_id=weather_pipeline, task_id=run_full_etl, execution_date=20260314T000000, start_date=20260315T000004, end_date=20260315T000007
[2026-03-15T00:00:07.167+0000] {local_task_job_runner.py:228} INFO - Task exited with return code 0
[2026-03-15T00:00:07.186+0000] {taskinstance.py:2778} INFO - 0 downstream tasks scheduled from follow-on schedule check
