[2026-03-13T17:46:47.238+0000] {taskinstance.py:1159} INFO - Dependencies all met for dep_context=non-requeueable deps ti=<TaskInstance: weather_pipeline.run_full_etl manual__2026-03-13T17:46:40.626985+00:00 [queued]>
[2026-03-13T17:46:47.251+0000] {taskinstance.py:1159} INFO - Dependencies all met for dep_context=requeueable deps ti=<TaskInstance: weather_pipeline.run_full_etl manual__2026-03-13T17:46:40.626985+00:00 [queued]>
[2026-03-13T17:46:47.252+0000] {taskinstance.py:1361} INFO - Starting attempt 1 of 1
[2026-03-13T17:46:47.274+0000] {taskinstance.py:1382} INFO - Executing <Task(PythonOperator): run_full_etl> on 2026-03-13 17:46:40.626985+00:00
[2026-03-13T17:46:47.287+0000] {standard_task_runner.py:57} INFO - Started process 117 to run task
[2026-03-13T17:46:47.294+0000] {standard_task_runner.py:84} INFO - Running: ['***', 'tasks', 'run', 'weather_pipeline', 'run_full_etl', 'manual__2026-03-13T17:46:40.626985+00:00', '--job-id', '61', '--raw', '--subdir', 'DAGS_FOLDER/weather_dags.py', '--cfg-path', '/tmp/tmpgxtkgxf6']
[2026-03-13T17:46:47.297+0000] {standard_task_runner.py:85} INFO - Job 61: Subtask run_full_etl
[2026-03-13T17:46:47.331+0000] {logging_mixin.py:151} WARNING - /home/***/.local/lib/python3.8/site-packages/***/settings.py:193 DeprecationWarning: The sql_alchemy_conn option in [core] has been moved to the sql_alchemy_conn option in [database] - the old setting has been used, but please update your config.
[2026-03-13T17:46:47.399+0000] {task_command.py:416} INFO - Running <TaskInstance: weather_pipeline.run_full_etl manual__2026-03-13T17:46:40.626985+00:00 [running]> on host 0af654cf556b
[2026-03-13T17:46:47.587+0000] {taskinstance.py:1662} INFO - Exporting env vars: AIRFLOW_CTX_DAG_OWNER='mnelisi' AIRFLOW_CTX_DAG_ID='weather_pipeline' AIRFLOW_CTX_TASK_ID='run_full_etl' AIRFLOW_CTX_EXECUTION_DATE='2026-03-13T17:46:40.626985+00:00' AIRFLOW_CTX_TRY_NUMBER='1' AIRFLOW_CTX_DAG_RUN_ID='manual__2026-03-13T17:46:40.626985+00:00'
[2026-03-13T17:46:47.601+0000] {logging_mixin.py:151} INFO - 
[Run ID: 20260313_174647] [Time: 2026-03-13 17:46:47] Database connection successfully!
[2026-03-13T17:46:47.604+0000] {logging_mixin.py:151} INFO - 
[Run ID: 20260313_174647] [Time: 2026-03-13 17:46:47] Table metrics is ready
[2026-03-13T17:46:47.605+0000] {logging_mixin.py:151} INFO - 
[Run ID: 20260313_174647] [Time: 2026-03-13 17:46:47] Fetching weather for: johannesburg (Attempt 1)
[2026-03-13T17:46:48.338+0000] {logging_mixin.py:151} INFO - 
[Run ID: 20260313_174647] [Time: 2026-03-13 17:46:48] API Request Successful!
[2026-03-13T17:46:48.347+0000] {logging_mixin.py:151} INFO - 
[Run ID: 2026-03-13 17:46:48] [Time: 2026-03-13 17:46:48] Data for metrics successfully inserted pipeline_metrics
[2026-03-13T17:46:48.348+0000] {logging_mixin.py:151} INFO - 
[Run ID: 20260313_174647] [Time: 2026-03-13 17:46:48] Raw data saved Generated: data/raw/weather_report_20260313_174647.json
[2026-03-13T17:46:48.366+0000] {logging_mixin.py:151} INFO - 
[Run ID: 20260313_174647] [Time: 2026-03-13 17:46:48] CSV file created: reports/csv/weather_20260313_174647.csv
[2026-03-13T17:46:48.369+0000] {logging_mixin.py:151} INFO - 
[Run ID: 20260313_174647] [Time: 2026-03-13 17:46:48] Data validation passed
[2026-03-13T17:46:48.372+0000] {logging_mixin.py:151} INFO - 
[Run ID: 2026-03-13 17:46:48] [Time: 2026-03-13 17:46:48] Data for metrics successfully inserted pipeline_metrics
[2026-03-13T17:46:48.374+0000] {logging_mixin.py:151} INFO - 
[Run ID: 20260313_174647] [Time: 2026-03-13 17:46:48] Table 'weatherdata' is ready
[2026-03-13T17:46:48.375+0000] {logging_mixin.py:151} INFO - 
[Run ID: 20260313_174647] [Time: 2026-03-13 17:46:48] Data not inserted in DB: 'timestamp'
[2026-03-13T17:46:48.379+0000] {logging_mixin.py:151} INFO - 
[Run ID: 2026-03-13 17:46:48] [Time: 2026-03-13 17:46:48] Data for metrics successfully inserted pipeline_metrics
[2026-03-13T17:46:48.389+0000] {logging_mixin.py:151} INFO - 
[Run ID: 20260313_174647] [Time: 2026-03-13 17:46:48] PDF Report Generated: reports/pdf/weather_report_20260313_174647.pdf
[2026-03-13T17:46:48.392+0000] {logging_mixin.py:151} INFO - 
[Run ID: 2026-03-13 17:46:48] [Time: 2026-03-13 17:46:48] Data for metrics successfully inserted pipeline_metrics
[2026-03-13T17:46:48.393+0000] {logging_mixin.py:151} INFO - 
[Run ID: 20260313_174647] [Time: 2026-03-13 17:46:48] ETL run successfuly completed
[2026-03-13T17:46:48.394+0000] {logging_mixin.py:151} INFO - 
[Run ID: 20260313_174647] [Time: 2026-03-13 17:46:48] Database connection closed
[2026-03-13T17:46:48.395+0000] {python.py:194} INFO - Done. Returned value was: None
[2026-03-13T17:46:48.418+0000] {taskinstance.py:1400} INFO - Marking task as SUCCESS. dag_id=weather_pipeline, task_id=run_full_etl, execution_date=20260313T174640, start_date=20260313T174647, end_date=20260313T174648
[2026-03-13T17:46:48.470+0000] {local_task_job_runner.py:228} INFO - Task exited with return code 0
[2026-03-13T17:46:48.510+0000] {taskinstance.py:2778} INFO - 0 downstream tasks scheduled from follow-on schedule check
