[2026-03-11T12:29:12.948+0000] {taskinstance.py:1159} INFO - Dependencies all met for dep_context=non-requeueable deps ti=<TaskInstance: weather_pipeline.run_full_etl __airflow_temporary_run_2026-03-11T12:18:35.361528+00:00__ [queued]>
[2026-03-11T12:29:12.952+0000] {taskinstance.py:1159} INFO - Dependencies all met for dep_context=requeueable deps ti=<TaskInstance: weather_pipeline.run_full_etl __airflow_temporary_run_2026-03-11T12:18:35.361528+00:00__ [queued]>
[2026-03-11T12:29:12.953+0000] {taskinstance.py:1361} INFO - Starting attempt 1 of 1
[2026-03-11T12:29:12.960+0000] {taskinstance.py:1382} INFO - Executing <Task(PythonOperator): run_full_etl> on 2026-03-11 00:00:00+00:00
[2026-03-11T12:29:12.965+0000] {standard_task_runner.py:57} INFO - Started process 118 to run task
[2026-03-11T12:29:12.968+0000] {standard_task_runner.py:84} INFO - Running: ['***', 'tasks', 'run', 'weather_pipeline', 'run_full_etl', '__***_temporary_run_2026-03-11T12:18:35.361528+00:00__', '--job-id', '17', '--raw', '--subdir', 'DAGS_FOLDER/weather_dags.py', '--cfg-path', '/tmp/tmp9kruj3ai']
[2026-03-11T12:29:12.969+0000] {standard_task_runner.py:85} INFO - Job 17: Subtask run_full_etl
[2026-03-11T12:29:12.980+0000] {logging_mixin.py:151} WARNING - /home/***/.local/lib/python3.8/site-packages/***/settings.py:193 DeprecationWarning: The sql_alchemy_conn option in [core] has been moved to the sql_alchemy_conn option in [database] - the old setting has been used, but please update your config.
[2026-03-11T12:29:13.007+0000] {task_command.py:416} INFO - Running <TaskInstance: weather_pipeline.run_full_etl __airflow_temporary_run_2026-03-11T12:18:35.361528+00:00__ [running]> on host 7af6ea510c49
[2026-03-11T12:29:13.065+0000] {taskinstance.py:1662} INFO - Exporting env vars: AIRFLOW_CTX_DAG_OWNER='mnelisi' AIRFLOW_CTX_DAG_ID='weather_pipeline' AIRFLOW_CTX_TASK_ID='run_full_etl' AIRFLOW_CTX_EXECUTION_DATE='2026-03-11T00:00:00+00:00' AIRFLOW_CTX_TRY_NUMBER='1' AIRFLOW_CTX_DAG_RUN_ID='__***_temporary_run_2026-03-11T12:18:35.361528+00:00__'
[2026-03-11T12:29:13.066+0000] {logging_mixin.py:151} INFO - 
[Run ID: 20260311_122913] [Time: 2026-03-11 12:29:13] Fetching weather for: johannesburg (Attempt 1)
[2026-03-11T12:29:13.738+0000] {logging_mixin.py:151} INFO - 
[Run ID: 20260311_122913] [Time: 2026-03-11 12:29:13] API Request Successful!
[2026-03-11T12:29:13.741+0000] {logging_mixin.py:151} INFO - 
[Run ID: 20260311_122913] [Time: 2026-03-11 12:29:13] Raw data saved Generated: data/raw/weather_report_20260311_122913.json
[2026-03-11T12:29:13.746+0000] {logging_mixin.py:151} INFO - 
[Run ID: 20260311_122913] [Time: 2026-03-11 12:29:13] CSV file created: reports/csv/weather_20260311_122913.csv
[2026-03-11T12:29:13.753+0000] {logging_mixin.py:151} INFO - 
[Run ID: 20260311_122913] [Time: 2026-03-11 12:29:13] Database connection successfully!
[2026-03-11T12:29:13.754+0000] {logging_mixin.py:151} INFO - 
[Run ID: 20260311_122913] [Time: 2026-03-11 12:29:13] Table 'weatherdata' is ready
[2026-03-11T12:29:13.757+0000] {logging_mixin.py:151} INFO - 
[Run ID: 20260311_122913] [Time: 2026-03-11 12:29:13] Data for Johannesburg successfully inserted to: weatherdata
[2026-03-11T12:29:13.758+0000] {logging_mixin.py:151} INFO - 
[Run ID: 20260311_122913] [Time: 2026-03-11 12:29:13] PDF Report Generated: reports/pdf/weather_report_20260311_122913.pdf
[2026-03-11T12:29:13.758+0000] {logging_mixin.py:151} INFO - 
[Run ID: 20260311_122913] [Time: 2026-03-11 12:29:13] ETL run successfuly completed
[2026-03-11T12:29:13.758+0000] {logging_mixin.py:151} INFO - 
[Run ID: 20260311_122913] [Time: 2026-03-11 12:29:13] Database connection closed
[2026-03-11T12:29:13.758+0000] {python.py:194} INFO - Done. Returned value was: None
[2026-03-11T12:29:13.769+0000] {taskinstance.py:1400} INFO - Marking task as SUCCESS. dag_id=weather_pipeline, task_id=run_full_etl, execution_date=20260311T000000, start_date=20260311T122912, end_date=20260311T122913
[2026-03-11T12:29:13.823+0000] {local_task_job_runner.py:228} INFO - Task exited with return code 0
[2026-03-11T12:29:13.844+0000] {taskinstance.py:2778} INFO - 0 downstream tasks scheduled from follow-on schedule check
