[2026-03-13T18:54:33.390+0000] {taskinstance.py:1159} INFO - Dependencies all met for dep_context=non-requeueable deps ti=<TaskInstance: weather_pipeline.run_full_etl manual__2026-03-13T18:54:30.433241+00:00 [queued]>
[2026-03-13T18:54:33.394+0000] {taskinstance.py:1159} INFO - Dependencies all met for dep_context=requeueable deps ti=<TaskInstance: weather_pipeline.run_full_etl manual__2026-03-13T18:54:30.433241+00:00 [queued]>
[2026-03-13T18:54:33.394+0000] {taskinstance.py:1361} INFO - Starting attempt 1 of 1
[2026-03-13T18:54:33.402+0000] {taskinstance.py:1382} INFO - Executing <Task(PythonOperator): run_full_etl> on 2026-03-13 18:54:30.433241+00:00
[2026-03-13T18:54:33.408+0000] {standard_task_runner.py:57} INFO - Started process 115 to run task
[2026-03-13T18:54:33.410+0000] {standard_task_runner.py:84} INFO - Running: ['***', 'tasks', 'run', 'weather_pipeline', 'run_full_etl', 'manual__2026-03-13T18:54:30.433241+00:00', '--job-id', '74', '--raw', '--subdir', 'DAGS_FOLDER/weather_dags.py', '--cfg-path', '/tmp/tmpg73q0r8y']
[2026-03-13T18:54:33.411+0000] {standard_task_runner.py:85} INFO - Job 74: Subtask run_full_etl
[2026-03-13T18:54:33.422+0000] {logging_mixin.py:151} WARNING - /home/***/.local/lib/python3.8/site-packages/***/settings.py:193 DeprecationWarning: The sql_alchemy_conn option in [core] has been moved to the sql_alchemy_conn option in [database] - the old setting has been used, but please update your config.
[2026-03-13T18:54:33.444+0000] {task_command.py:416} INFO - Running <TaskInstance: weather_pipeline.run_full_etl manual__2026-03-13T18:54:30.433241+00:00 [running]> on host e3e67dddb2f0
[2026-03-13T18:54:33.501+0000] {taskinstance.py:1662} INFO - Exporting env vars: AIRFLOW_CTX_DAG_OWNER='mnelisi' AIRFLOW_CTX_DAG_ID='weather_pipeline' AIRFLOW_CTX_TASK_ID='run_full_etl' AIRFLOW_CTX_EXECUTION_DATE='2026-03-13T18:54:30.433241+00:00' AIRFLOW_CTX_TRY_NUMBER='1' AIRFLOW_CTX_DAG_RUN_ID='manual__2026-03-13T18:54:30.433241+00:00'
[2026-03-13T18:54:33.505+0000] {logging_mixin.py:151} INFO - 
[Run ID: 20260313_185433] [Time: 2026-03-13 18:54:33] Database connection successfully!
[2026-03-13T18:54:33.506+0000] {logging_mixin.py:151} INFO - 
[Run ID: 20260313_185433] [Time: 2026-03-13 18:54:33] Table metrics is ready
[2026-03-13T18:54:33.506+0000] {logging_mixin.py:151} INFO - 
[Run ID: 20260313_185433] [Time: 2026-03-13 18:54:33] Fetching weather for: johannesburg (Attempt 1)
[2026-03-13T18:54:34.131+0000] {logging_mixin.py:151} INFO - 
[Run ID: 20260313_185433] [Time: 2026-03-13 18:54:34] API Request Successful!
[2026-03-13T18:54:34.141+0000] {logging_mixin.py:151} INFO - 
[Run ID: 2026-03-13 18:54:34] [Time: 2026-03-13 18:54:34] Data for metrics successfully inserted pipeline_metrics
[2026-03-13T18:54:34.142+0000] {logging_mixin.py:151} INFO - 
[Run ID: 20260313_185433] [Time: 2026-03-13 18:54:34] Raw data saved Generated: data/raw/weather_report_20260313_185433.json
[2026-03-13T18:54:34.151+0000] {logging_mixin.py:151} INFO - 
[Run ID: 20260313_185433] [Time: 2026-03-13 18:54:34] CSV file created: reports/csv/weather_20260313_185433.csv
[2026-03-13T18:54:34.151+0000] {logging_mixin.py:151} INFO - 
[Run ID: 20260313_185433] [Time: 2026-03-13 18:54:34] Data validation passed
[2026-03-13T18:54:34.152+0000] {logging_mixin.py:151} INFO - 
[Run ID: 2026-03-13 18:54:34] [Time: 2026-03-13 18:54:34] Data for metrics successfully inserted pipeline_metrics
[2026-03-13T18:54:34.153+0000] {logging_mixin.py:151} INFO - 
[Run ID: 20260313_185433] [Time: 2026-03-13 18:54:34] Table 'weatherdata' is ready
[2026-03-13T18:54:34.155+0000] {logging_mixin.py:151} INFO - 
[Run ID: 20260313_185433] [Time: 2026-03-13 18:54:34] Data not inserted in DB: 'wind'
[2026-03-13T18:54:34.156+0000] {logging_mixin.py:151} INFO - 
[Run ID: 20260313_185433] [Time: 2026-03-13 18:54:34] Fatal error in ETL: 'wind'
[2026-03-13T18:54:34.156+0000] {logging_mixin.py:151} INFO - 
[Run ID: 2026-03-13 18:54:34] [Time: 2026-03-13 18:54:34] Data for metrics successfully inserted pipeline_metrics
[2026-03-13T18:54:34.156+0000] {logging_mixin.py:151} INFO - 
[Run ID: 20260313_185433] [Time: 2026-03-13 18:54:34] Database connection closed
[2026-03-13T18:54:34.157+0000] {python.py:194} INFO - Done. Returned value was: None
[2026-03-13T18:54:34.164+0000] {taskinstance.py:1400} INFO - Marking task as SUCCESS. dag_id=weather_pipeline, task_id=run_full_etl, execution_date=20260313T185430, start_date=20260313T185433, end_date=20260313T185434
[2026-03-13T18:54:34.187+0000] {local_task_job_runner.py:228} INFO - Task exited with return code 0
[2026-03-13T18:54:34.201+0000] {taskinstance.py:2778} INFO - 0 downstream tasks scheduled from follow-on schedule check
