[2026-03-13T12:23:11.186+0000] {taskinstance.py:1159} INFO - Dependencies all met for dep_context=non-requeueable deps ti=<TaskInstance: weather_pipeline.run_full_etl manual__2026-03-13T12:23:04.421505+00:00 [queued]>
[2026-03-13T12:23:11.200+0000] {taskinstance.py:1159} INFO - Dependencies all met for dep_context=requeueable deps ti=<TaskInstance: weather_pipeline.run_full_etl manual__2026-03-13T12:23:04.421505+00:00 [queued]>
[2026-03-13T12:23:11.200+0000] {taskinstance.py:1361} INFO - Starting attempt 1 of 1
[2026-03-13T12:23:11.223+0000] {taskinstance.py:1382} INFO - Executing <Task(PythonOperator): run_full_etl> on 2026-03-13 12:23:04.421505+00:00
[2026-03-13T12:23:11.236+0000] {standard_task_runner.py:57} INFO - Started process 113 to run task
[2026-03-13T12:23:11.242+0000] {standard_task_runner.py:84} INFO - Running: ['***', 'tasks', 'run', 'weather_pipeline', 'run_full_etl', 'manual__2026-03-13T12:23:04.421505+00:00', '--job-id', '50', '--raw', '--subdir', 'DAGS_FOLDER/weather_dags.py', '--cfg-path', '/tmp/tmp6h5nnt2j']
[2026-03-13T12:23:11.246+0000] {standard_task_runner.py:85} INFO - Job 50: Subtask run_full_etl
[2026-03-13T12:23:11.278+0000] {logging_mixin.py:151} WARNING - /home/***/.local/lib/python3.8/site-packages/***/settings.py:193 DeprecationWarning: The sql_alchemy_conn option in [core] has been moved to the sql_alchemy_conn option in [database] - the old setting has been used, but please update your config.
[2026-03-13T12:23:11.346+0000] {task_command.py:416} INFO - Running <TaskInstance: weather_pipeline.run_full_etl manual__2026-03-13T12:23:04.421505+00:00 [running]> on host 51f15d3a6a1e
[2026-03-13T12:23:11.518+0000] {taskinstance.py:1662} INFO - Exporting env vars: AIRFLOW_CTX_DAG_OWNER='mnelisi' AIRFLOW_CTX_DAG_ID='weather_pipeline' AIRFLOW_CTX_TASK_ID='run_full_etl' AIRFLOW_CTX_EXECUTION_DATE='2026-03-13T12:23:04.421505+00:00' AIRFLOW_CTX_TRY_NUMBER='1' AIRFLOW_CTX_DAG_RUN_ID='manual__2026-03-13T12:23:04.421505+00:00'
[2026-03-13T12:23:11.534+0000] {logging_mixin.py:151} INFO - 
[Run ID: 20260313_122311] [Time: 2026-03-13 12:23:11] Database connection successfully!
[2026-03-13T12:23:11.538+0000] {logging_mixin.py:151} INFO - 
[Run ID: 20260313_122311] [Time: 2026-03-13 12:23:11] Table metrics is ready
[2026-03-13T12:23:11.538+0000] {logging_mixin.py:151} INFO - 
[Run ID: 20260313_122311] [Time: 2026-03-13 12:23:11] Fetching weather for: johannesburg (Attempt 1)
[2026-03-13T12:23:12.273+0000] {logging_mixin.py:151} INFO - 
[Run ID: 20260313_122311] [Time: 2026-03-13 12:23:12] API Request Successful!
[2026-03-13T12:23:12.281+0000] {logging_mixin.py:151} INFO - 
[Run ID: 2026-03-13 12:23:12] [Time: 2026-03-13 12:23:12] Data for metrics successfully inserted pipeline_metrics
[2026-03-13T12:23:12.283+0000] {logging_mixin.py:151} INFO - 
[Run ID: 20260313_122311] [Time: 2026-03-13 12:23:12] Raw data saved Generated: data/raw/weather_report_20260313_122311.json
[2026-03-13T12:23:12.301+0000] {logging_mixin.py:151} INFO - 
[Run ID: 20260313_122311] [Time: 2026-03-13 12:23:12] CSV file created: reports/csv/weather_20260313_122311.csv
[2026-03-13T12:23:12.305+0000] {logging_mixin.py:151} INFO - 
[Run ID: 2026-03-13 12:23:12] [Time: 2026-03-13 12:23:12] Data for metrics successfully inserted pipeline_metrics
[2026-03-13T12:23:12.307+0000] {logging_mixin.py:151} INFO - 
[Run ID: 20260313_122311] [Time: 2026-03-13 12:23:12] Table 'weatherdata' is ready
[2026-03-13T12:23:12.311+0000] {logging_mixin.py:151} INFO - 
[Run ID: 20260313_122311] [Time: 2026-03-13 12:23:12] Data for Johannesburg successfully inserted to: weatherdata
[2026-03-13T12:23:12.314+0000] {logging_mixin.py:151} INFO - 
[Run ID: 2026-03-13 12:23:12] [Time: 2026-03-13 12:23:12] Data for metrics successfully inserted pipeline_metrics
[2026-03-13T12:23:12.317+0000] {logging_mixin.py:151} INFO - 
[Run ID: 20260313_122311] [Time: 2026-03-13 12:23:12] PDF Report Generated: reports/pdf/weather_report_20260313_122311.pdf
[2026-03-13T12:23:12.320+0000] {logging_mixin.py:151} INFO - 
[Run ID: 2026-03-13 12:23:12] [Time: 2026-03-13 12:23:12] Data for metrics successfully inserted pipeline_metrics
[2026-03-13T12:23:12.321+0000] {logging_mixin.py:151} INFO - 
[Run ID: 20260313_122311] [Time: 2026-03-13 12:23:12] ETL run successfuly completed
[2026-03-13T12:23:12.321+0000] {logging_mixin.py:151} INFO - 
[Run ID: 20260313_122311] [Time: 2026-03-13 12:23:12] Database connection closed
[2026-03-13T12:23:12.322+0000] {python.py:194} INFO - Done. Returned value was: None
[2026-03-13T12:23:12.344+0000] {taskinstance.py:1400} INFO - Marking task as SUCCESS. dag_id=weather_pipeline, task_id=run_full_etl, execution_date=20260313T122304, start_date=20260313T122311, end_date=20260313T122312
[2026-03-13T12:23:12.418+0000] {local_task_job_runner.py:228} INFO - Task exited with return code 0
[2026-03-13T12:23:12.457+0000] {taskinstance.py:2778} INFO - 0 downstream tasks scheduled from follow-on schedule check
