[2026-03-15T00:15:34.916+0000] {taskinstance.py:1159} INFO - Dependencies all met for dep_context=non-requeueable deps ti=<TaskInstance: weather_pipeline.run_full_etl manual__2026-03-15T00:15:32.174680+00:00 [queued]>
[2026-03-15T00:15:34.922+0000] {taskinstance.py:1159} INFO - Dependencies all met for dep_context=requeueable deps ti=<TaskInstance: weather_pipeline.run_full_etl manual__2026-03-15T00:15:32.174680+00:00 [queued]>
[2026-03-15T00:15:34.922+0000] {taskinstance.py:1361} INFO - Starting attempt 1 of 1
[2026-03-15T00:15:34.931+0000] {taskinstance.py:1382} INFO - Executing <Task(PythonOperator): run_full_etl> on 2026-03-15 00:15:32.174680+00:00
[2026-03-15T00:15:34.937+0000] {standard_task_runner.py:57} INFO - Started process 159 to run task
[2026-03-15T00:15:34.939+0000] {standard_task_runner.py:84} INFO - Running: ['***', 'tasks', 'run', 'weather_pipeline', 'run_full_etl', 'manual__2026-03-15T00:15:32.174680+00:00', '--job-id', '91', '--raw', '--subdir', 'DAGS_FOLDER/weather_dags.py', '--cfg-path', '/tmp/tmpvdmo5dle']
[2026-03-15T00:15:34.940+0000] {standard_task_runner.py:85} INFO - Job 91: Subtask run_full_etl
[2026-03-15T00:15:34.955+0000] {logging_mixin.py:151} WARNING - /home/***/.local/lib/python3.8/site-packages/***/settings.py:193 DeprecationWarning: The sql_alchemy_conn option in [core] has been moved to the sql_alchemy_conn option in [database] - the old setting has been used, but please update your config.
[2026-03-15T00:15:34.987+0000] {task_command.py:416} INFO - Running <TaskInstance: weather_pipeline.run_full_etl manual__2026-03-15T00:15:32.174680+00:00 [running]> on host 3162021c896c
[2026-03-15T00:15:35.063+0000] {taskinstance.py:1662} INFO - Exporting env vars: AIRFLOW_CTX_DAG_OWNER='mnelisi' AIRFLOW_CTX_DAG_ID='weather_pipeline' AIRFLOW_CTX_TASK_ID='run_full_etl' AIRFLOW_CTX_EXECUTION_DATE='2026-03-15T00:15:32.174680+00:00' AIRFLOW_CTX_TRY_NUMBER='1' AIRFLOW_CTX_DAG_RUN_ID='manual__2026-03-15T00:15:32.174680+00:00'
[2026-03-15T00:15:35.069+0000] {logging_mixin.py:151} INFO - 
[Run ID: 20260315_001535] [Time: 2026-03-15 00:15:35] Database connection successfully!
[2026-03-15T00:15:35.069+0000] {logging_mixin.py:151} INFO - 
[Run ID: 20260315_001535] [Time: 2026-03-15 00:15:35] Table metrics is ready
[2026-03-15T00:15:35.070+0000] {logging_mixin.py:151} INFO - 
[Run ID: 20260315_001535] [Time: 2026-03-15 00:15:35] Fetching weather for: johannesburg (Attempt 1)
[2026-03-15T00:15:35.810+0000] {logging_mixin.py:151} INFO - 
[Run ID: 20260315_001535] [Time: 2026-03-15 00:15:35] API Request Successful johannesburg
[2026-03-15T00:15:35.810+0000] {logging_mixin.py:151} INFO - 
[Run ID: 20260315_001535] [Time: 2026-03-15 00:15:35] Fetching weather for: cape town (Attempt 1)
[2026-03-15T00:15:36.421+0000] {logging_mixin.py:151} INFO - 
[Run ID: 20260315_001535] [Time: 2026-03-15 00:15:36] API Request Successful cape town
[2026-03-15T00:15:36.421+0000] {logging_mixin.py:151} INFO - 
[Run ID: 20260315_001535] [Time: 2026-03-15 00:15:36] Fetching weather for: durban (Attempt 1)
[2026-03-15T00:15:37.071+0000] {logging_mixin.py:151} INFO - 
[Run ID: 20260315_001535] [Time: 2026-03-15 00:15:37] API Request Successful durban
[2026-03-15T00:15:37.072+0000] {logging_mixin.py:151} INFO - 
[Run ID: 20260315_001535] [Time: 2026-03-15 00:15:37] Fetching weather for: pretoria (Attempt 1)
[2026-03-15T00:15:37.733+0000] {logging_mixin.py:151} INFO - 
[Run ID: 20260315_001535] [Time: 2026-03-15 00:15:37] API Request Successful pretoria
[2026-03-15T00:15:37.743+0000] {logging_mixin.py:151} INFO - 
[Run ID: 2026-03-15 00:15:37] [Time: 2026-03-15 00:15:37] Data for metrics successfully inserted pipeline_metrics
[2026-03-15T00:15:37.744+0000] {logging_mixin.py:151} INFO - 
[Run ID: 20260315_001535] [Time: 2026-03-15 00:15:37] Raw data saved Generated: data/raw/weather_report_20260315_001535.json
[2026-03-15T00:15:37.750+0000] {logging_mixin.py:151} INFO - 
[Run ID: 20260315_001535] [Time: 2026-03-15 00:15:37] CSV file created: reports/csv/weather_20260315_001535.csv
[2026-03-15T00:15:37.751+0000] {logging_mixin.py:151} INFO - 
[Run ID: 20260315_001535] [Time: 2026-03-15 00:15:37] Data validation passed
[2026-03-15T00:15:37.752+0000] {logging_mixin.py:151} INFO - 
[Run ID: 2026-03-15 00:15:37] [Time: 2026-03-15 00:15:37] Data for metrics successfully inserted pipeline_metrics
[2026-03-15T00:15:37.753+0000] {logging_mixin.py:151} INFO - 
[Run ID: 20260315_001535] [Time: 2026-03-15 00:15:37] Table 'weatherdata' is ready
[2026-03-15T00:15:37.756+0000] {logging_mixin.py:151} INFO - 
[Run ID: 20260315_001535] [Time: 2026-03-15 00:15:37] Data for Johannesburg successfully inserted to: weatherdata
[2026-03-15T00:15:37.757+0000] {logging_mixin.py:151} INFO - 
[Run ID: 20260315_001535] [Time: 2026-03-15 00:15:37] Data for Cape Town successfully inserted to: weatherdata
[2026-03-15T00:15:37.758+0000] {logging_mixin.py:151} INFO - 
[Run ID: 20260315_001535] [Time: 2026-03-15 00:15:37] Data for Durban successfully inserted to: weatherdata
[2026-03-15T00:15:37.760+0000] {logging_mixin.py:151} INFO - 
[Run ID: 20260315_001535] [Time: 2026-03-15 00:15:37] Data for Pretoria successfully inserted to: weatherdata
[2026-03-15T00:15:37.761+0000] {logging_mixin.py:151} INFO - 
[Run ID: 2026-03-15 00:15:37] [Time: 2026-03-15 00:15:37] Data for metrics successfully inserted pipeline_metrics
[2026-03-15T00:15:37.765+0000] {logging_mixin.py:151} INFO - 
[Run ID: 20260315_001535] [Time: 2026-03-15 00:15:37] PDF Report Generated: reports/pdf/weather_report_20260315_001535.pdf
[2026-03-15T00:15:37.766+0000] {logging_mixin.py:151} INFO - 
[Run ID: 2026-03-15 00:15:37] [Time: 2026-03-15 00:15:37] Data for metrics successfully inserted pipeline_metrics
[2026-03-15T00:15:37.766+0000] {logging_mixin.py:151} INFO - 
[Run ID: 20260315_001535] [Time: 2026-03-15 00:15:37] ETL run successfuly completed
[2026-03-15T00:15:37.767+0000] {logging_mixin.py:151} INFO - 
[Run ID: 20260315_001535] [Time: 2026-03-15 00:15:37] Database connection closed
[2026-03-15T00:15:37.767+0000] {python.py:194} INFO - Done. Returned value was: None
[2026-03-15T00:15:37.775+0000] {taskinstance.py:1400} INFO - Marking task as SUCCESS. dag_id=weather_pipeline, task_id=run_full_etl, execution_date=20260315T001532, start_date=20260315T001534, end_date=20260315T001537
[2026-03-15T00:15:37.801+0000] {local_task_job_runner.py:228} INFO - Task exited with return code 0
[2026-03-15T00:15:37.817+0000] {taskinstance.py:2778} INFO - 0 downstream tasks scheduled from follow-on schedule check
