[2026-03-13T17:33:14.573+0000] {taskinstance.py:1159} INFO - Dependencies all met for dep_context=non-requeueable deps ti=<TaskInstance: weather_pipeline.run_full_etl manual__2026-03-13T17:33:08.529798+00:00 [queued]>
[2026-03-13T17:33:14.589+0000] {taskinstance.py:1159} INFO - Dependencies all met for dep_context=requeueable deps ti=<TaskInstance: weather_pipeline.run_full_etl manual__2026-03-13T17:33:08.529798+00:00 [queued]>
[2026-03-13T17:33:14.589+0000] {taskinstance.py:1361} INFO - Starting attempt 1 of 1
[2026-03-13T17:33:14.611+0000] {taskinstance.py:1382} INFO - Executing <Task(PythonOperator): run_full_etl> on 2026-03-13 17:33:08.529798+00:00
[2026-03-13T17:33:14.623+0000] {standard_task_runner.py:57} INFO - Started process 125 to run task
[2026-03-13T17:33:14.630+0000] {standard_task_runner.py:84} INFO - Running: ['***', 'tasks', 'run', 'weather_pipeline', 'run_full_etl', 'manual__2026-03-13T17:33:08.529798+00:00', '--job-id', '59', '--raw', '--subdir', 'DAGS_FOLDER/weather_dags.py', '--cfg-path', '/tmp/tmpsj95670t']
[2026-03-13T17:33:14.633+0000] {standard_task_runner.py:85} INFO - Job 59: Subtask run_full_etl
[2026-03-13T17:33:14.668+0000] {logging_mixin.py:151} WARNING - /home/***/.local/lib/python3.8/site-packages/***/settings.py:193 DeprecationWarning: The sql_alchemy_conn option in [core] has been moved to the sql_alchemy_conn option in [database] - the old setting has been used, but please update your config.
[2026-03-13T17:33:14.736+0000] {task_command.py:416} INFO - Running <TaskInstance: weather_pipeline.run_full_etl manual__2026-03-13T17:33:08.529798+00:00 [running]> on host 710f23425b8e
[2026-03-13T17:33:14.895+0000] {taskinstance.py:1662} INFO - Exporting env vars: AIRFLOW_CTX_DAG_OWNER='mnelisi' AIRFLOW_CTX_DAG_ID='weather_pipeline' AIRFLOW_CTX_TASK_ID='run_full_etl' AIRFLOW_CTX_EXECUTION_DATE='2026-03-13T17:33:08.529798+00:00' AIRFLOW_CTX_TRY_NUMBER='1' AIRFLOW_CTX_DAG_RUN_ID='manual__2026-03-13T17:33:08.529798+00:00'
[2026-03-13T17:33:14.909+0000] {logging_mixin.py:151} INFO - 
[Run ID: 20260313_173314] [Time: 2026-03-13 17:33:14] Database connection successfully!
[2026-03-13T17:33:14.911+0000] {logging_mixin.py:151} INFO - 
[Run ID: 20260313_173314] [Time: 2026-03-13 17:33:14] Table metrics is ready
[2026-03-13T17:33:14.912+0000] {logging_mixin.py:151} INFO - 
[Run ID: 20260313_173314] [Time: 2026-03-13 17:33:14] Fetching weather for: johannesburg (Attempt 1)
[2026-03-13T17:33:15.699+0000] {logging_mixin.py:151} INFO - 
[Run ID: 20260313_173314] [Time: 2026-03-13 17:33:15] API Request Successful!
[2026-03-13T17:33:15.708+0000] {logging_mixin.py:151} INFO - 
[Run ID: 2026-03-13 17:33:15] [Time: 2026-03-13 17:33:15] Data for metrics successfully inserted pipeline_metrics
[2026-03-13T17:33:15.710+0000] {logging_mixin.py:151} INFO - 
[Run ID: 20260313_173314] [Time: 2026-03-13 17:33:15] Raw data saved Generated: data/raw/weather_report_20260313_173314.json
[2026-03-13T17:33:15.727+0000] {logging_mixin.py:151} INFO - 
[Run ID: 20260313_173314] [Time: 2026-03-13 17:33:15] CSV file created: reports/csv/weather_20260313_173314.csv
[2026-03-13T17:33:15.728+0000] {logging_mixin.py:151} INFO - 
[Run ID: 20260313_173314] [Time: 2026-03-13 17:33:15] Fatal error in ETL: 'dict' object has no attribute 'iloc'
[2026-03-13T17:33:15.731+0000] {logging_mixin.py:151} INFO - 
[Run ID: 2026-03-13 17:33:15] [Time: 2026-03-13 17:33:15] Data for metrics successfully inserted pipeline_metrics
[2026-03-13T17:33:15.732+0000] {logging_mixin.py:151} INFO - 
[Run ID: 20260313_173314] [Time: 2026-03-13 17:33:15] Database connection closed
[2026-03-13T17:33:15.732+0000] {python.py:194} INFO - Done. Returned value was: None
[2026-03-13T17:33:15.755+0000] {taskinstance.py:1400} INFO - Marking task as SUCCESS. dag_id=weather_pipeline, task_id=run_full_etl, execution_date=20260313T173308, start_date=20260313T173314, end_date=20260313T173315
[2026-03-13T17:33:15.807+0000] {local_task_job_runner.py:228} INFO - Task exited with return code 0
[2026-03-13T17:33:15.849+0000] {taskinstance.py:2778} INFO - 0 downstream tasks scheduled from follow-on schedule check
