[2026-03-11T12:29:09.696+0000] {taskinstance.py:1159} INFO - Dependencies all met for dep_context=non-requeueable deps ti=<TaskInstance: weather_pipeline.run_full_etl scheduled__2026-03-10T00:00:00+00:00 [queued]>
[2026-03-11T12:29:09.701+0000] {taskinstance.py:1159} INFO - Dependencies all met for dep_context=requeueable deps ti=<TaskInstance: weather_pipeline.run_full_etl scheduled__2026-03-10T00:00:00+00:00 [queued]>
[2026-03-11T12:29:09.701+0000] {taskinstance.py:1361} INFO - Starting attempt 2 of 1
[2026-03-11T12:29:09.709+0000] {taskinstance.py:1382} INFO - Executing <Task(PythonOperator): run_full_etl> on 2026-03-10 00:00:00+00:00
[2026-03-11T12:29:09.714+0000] {standard_task_runner.py:57} INFO - Started process 94 to run task
[2026-03-11T12:29:09.716+0000] {standard_task_runner.py:84} INFO - Running: ['***', 'tasks', 'run', 'weather_pipeline', 'run_full_etl', 'scheduled__2026-03-10T00:00:00+00:00', '--job-id', '16', '--raw', '--subdir', 'DAGS_FOLDER/weather_dags.py', '--cfg-path', '/tmp/tmp8lg87gyi']
[2026-03-11T12:29:09.718+0000] {standard_task_runner.py:85} INFO - Job 16: Subtask run_full_etl
[2026-03-11T12:29:09.730+0000] {logging_mixin.py:151} WARNING - /home/***/.local/lib/python3.8/site-packages/***/settings.py:193 DeprecationWarning: The sql_alchemy_conn option in [core] has been moved to the sql_alchemy_conn option in [database] - the old setting has been used, but please update your config.
[2026-03-11T12:29:09.756+0000] {task_command.py:416} INFO - Running <TaskInstance: weather_pipeline.run_full_etl scheduled__2026-03-10T00:00:00+00:00 [running]> on host 7af6ea510c49
[2026-03-11T12:29:09.816+0000] {taskinstance.py:1662} INFO - Exporting env vars: AIRFLOW_CTX_DAG_OWNER='mnelisi' AIRFLOW_CTX_DAG_ID='weather_pipeline' AIRFLOW_CTX_TASK_ID='run_full_etl' AIRFLOW_CTX_EXECUTION_DATE='2026-03-10T00:00:00+00:00' AIRFLOW_CTX_TRY_NUMBER='2' AIRFLOW_CTX_DAG_RUN_ID='scheduled__2026-03-10T00:00:00+00:00'
[2026-03-11T12:29:09.817+0000] {logging_mixin.py:151} INFO - 
[Run ID: 20260311_122909] [Time: 2026-03-11 12:29:09] Fetching weather for: johannesburg (Attempt 1)
[2026-03-11T12:29:10.535+0000] {logging_mixin.py:151} INFO - 
[Run ID: 20260311_122909] [Time: 2026-03-11 12:29:10] API Request Successful!
[2026-03-11T12:29:10.536+0000] {logging_mixin.py:151} INFO - 
[Run ID: 20260311_122909] [Time: 2026-03-11 12:29:10] Raw data saved Generated: data/raw/weather_report_20260311_122909.json
[2026-03-11T12:29:10.543+0000] {logging_mixin.py:151} INFO - 
[Run ID: 20260311_122909] [Time: 2026-03-11 12:29:10] CSV file created: reports/csv/weather_20260311_122909.csv
[2026-03-11T12:29:10.547+0000] {logging_mixin.py:151} INFO - 
[Run ID: 20260311_122909] [Time: 2026-03-11 12:29:10] Database connection successfully!
[2026-03-11T12:29:10.555+0000] {logging_mixin.py:151} INFO - 
[Run ID: 20260311_122909] [Time: 2026-03-11 12:29:10] Table 'weatherdata' is ready
[2026-03-11T12:29:10.558+0000] {logging_mixin.py:151} INFO - 
[Run ID: 20260311_122909] [Time: 2026-03-11 12:29:10] Data for Johannesburg successfully inserted to: weatherdata
[2026-03-11T12:29:10.559+0000] {logging_mixin.py:151} INFO - 
[Run ID: 20260311_122909] [Time: 2026-03-11 12:29:10] PDF Report Generated: reports/pdf/weather_report_20260311_122909.pdf
[2026-03-11T12:29:10.560+0000] {logging_mixin.py:151} INFO - 
[Run ID: 20260311_122909] [Time: 2026-03-11 12:29:10] ETL run successfuly completed
[2026-03-11T12:29:10.560+0000] {logging_mixin.py:151} INFO - 
[Run ID: 20260311_122909] [Time: 2026-03-11 12:29:10] Database connection closed
[2026-03-11T12:29:10.560+0000] {python.py:194} INFO - Done. Returned value was: None
[2026-03-11T12:29:10.568+0000] {taskinstance.py:1400} INFO - Marking task as SUCCESS. dag_id=weather_pipeline, task_id=run_full_etl, execution_date=20260310T000000, start_date=20260311T122909, end_date=20260311T122910
[2026-03-11T12:29:10.611+0000] {local_task_job_runner.py:228} INFO - Task exited with return code 0
[2026-03-11T12:29:10.625+0000] {taskinstance.py:2778} INFO - 0 downstream tasks scheduled from follow-on schedule check
